{"D:\\Hacktiv8\\Phase3\\Final_Project\\LaundFazzBE\\services\\app\\app.js": {"path":"D:\\Hacktiv8\\Phase3\\Final_Project\\LaundFazzBE\\services\\app\\app.js","statementMap":{"0":{"start":{"line":1,"column":0},"end":{"line":3,"column":1}},"1":{"start":{"line":2,"column":2},"end":{"line":2,"column":29}},"2":{"start":{"line":4,"column":16},"end":{"line":4,"column":34}},"3":{"start":{"line":5,"column":21},"end":{"line":5,"column":58}},"4":{"start":{"line":6,"column":12},"end":{"line":6,"column":21}},"5":{"start":{"line":7,"column":13},"end":{"line":7,"column":28}},"6":{"start":{"line":8,"column":15},"end":{"line":8,"column":34}},"7":{"start":{"line":11,"column":13},"end":{"line":11,"column":28}},"8":{"start":{"line":12,"column":19},"end":{"line":12,"column":39}},"9":{"start":{"line":13,"column":13},"end":{"line":13,"column":17}},"10":{"start":{"line":15,"column":0},"end":{"line":15,"column":16}},"11":{"start":{"line":16,"column":0},"end":{"line":16,"column":24}},"12":{"start":{"line":17,"column":0},"end":{"line":17,"column":48}},"13":{"start":{"line":19,"column":15},"end":{"line":19,"column":37}},"14":{"start":{"line":21,"column":11},"end":{"line":28,"column":2}},"15":{"start":{"line":30,"column":14},"end":{"line":30,"column":16}},"16":{"start":{"line":31,"column":0},"end":{"line":50,"column":3}},"17":{"start":{"line":32,"column":2},"end":{"line":32,"column":45}},"18":{"start":{"line":33,"column":2},"end":{"line":36,"column":5}},"19":{"start":{"line":34,"column":4},"end":{"line":34,"column":22}},"20":{"start":{"line":35,"column":4},"end":{"line":35,"column":61}},"21":{"start":{"line":38,"column":2},"end":{"line":41,"column":5}},"22":{"start":{"line":39,"column":4},"end":{"line":39,"column":17}},"23":{"start":{"line":40,"column":4},"end":{"line":40,"column":37}},"24":{"start":{"line":42,"column":2},"end":{"line":49,"column":5}},"25":{"start":{"line":44,"column":4},"end":{"line":44,"column":46}},"26":{"start":{"line":45,"column":4},"end":{"line":45,"column":12}},"27":{"start":{"line":46,"column":4},"end":{"line":46,"column":26}},"28":{"start":{"line":47,"column":4},"end":{"line":47,"column":25}},"29":{"start":{"line":48,"column":4},"end":{"line":48,"column":59}},"30":{"start":{"line":58,"column":0},"end":{"line":58,"column":21}},"31":{"start":{"line":60,"column":0},"end":{"line":60,"column":22}},"32":{"start":{"line":62,"column":0},"end":{"line":62,"column":21}}},"fnMap":{"0":{"name":"(anonymous_0)","decl":{"start":{"line":31,"column":20},"end":{"line":31,"column":21}},"loc":{"start":{"line":31,"column":32},"end":{"line":50,"column":1}},"line":31},"1":{"name":"(anonymous_1)","decl":{"start":{"line":33,"column":25},"end":{"line":33,"column":26}},"loc":{"start":{"line":33,"column":35},"end":{"line":36,"column":3}},"line":33},"2":{"name":"(anonymous_2)","decl":{"start":{"line":38,"column":26},"end":{"line":38,"column":27}},"loc":{"start":{"line":38,"column":32},"end":{"line":41,"column":3}},"line":38},"3":{"name":"(anonymous_3)","decl":{"start":{"line":42,"column":30},"end":{"line":42,"column":31}},"loc":{"start":{"line":42,"column":43},"end":{"line":49,"column":3}},"line":42}},"branchMap":{"0":{"loc":{"start":{"line":1,"column":0},"end":{"line":3,"column":1}},"type":"if","locations":[{"start":{"line":1,"column":0},"end":{"line":3,"column":1}},{"start":{},"end":{}}],"line":1}},"s":{"0":4,"1":0,"2":4,"3":4,"4":4,"5":4,"6":4,"7":4,"8":4,"9":4,"10":4,"11":4,"12":4,"13":4,"14":4,"15":4,"16":4,"17":0,"18":0,"19":0,"20":0,"21":0,"22":0,"23":0,"24":0,"25":0,"26":0,"27":0,"28":0,"29":0,"30":4,"31":4,"32":4},"f":{"0":0,"1":0,"2":0,"3":0},"b":{"0":[0,4]},"_coverageSchema":"1a1c01bbd47fc00a2c39e90264f33305004495a9","hash":"b10ffda33a8fcc8b3a8426251ea9ac8b0ed15c8c"}
,"D:\\Hacktiv8\\Phase3\\Final_Project\\LaundFazzBE\\services\\app\\controllers\\customers.js": {"path":"D:\\Hacktiv8\\Phase3\\Final_Project\\LaundFazzBE\\services\\app\\controllers\\customers.js","statementMap":{"0":{"start":{"line":1,"column":21},"end":{"line":1,"column":41}},"1":{"start":{"line":2,"column":24},"end":{"line":2,"column":56}},"2":{"start":{"line":3,"column":22},"end":{"line":3,"column":47}},"3":{"start":{"line":4,"column":20},"end":{"line":4,"column":48}},"4":{"start":{"line":8,"column":4},"end":{"line":8,"column":24}},"5":{"start":{"line":12,"column":14},"end":{"line":12,"column":43}},"6":{"start":{"line":13,"column":4},"end":{"line":66,"column":5}},"7":{"start":{"line":14,"column":53},"end":{"line":14,"column":61}},"8":{"start":{"line":15,"column":6},"end":{"line":15,"column":35}},"9":{"start":{"line":16,"column":24},"end":{"line":24,"column":7}},"10":{"start":{"line":26,"column":6},"end":{"line":26,"column":41}},"11":{"start":{"line":27,"column":24},"end":{"line":50,"column":7}},"12":{"start":{"line":52,"column":6},"end":{"line":59,"column":9}},"13":{"start":{"line":53,"column":8},"end":{"line":58,"column":9}},"14":{"start":{"line":54,"column":10},"end":{"line":54,"column":35}},"15":{"start":{"line":55,"column":10},"end":{"line":55,"column":45}},"16":{"start":{"line":57,"column":10},"end":{"line":57,"column":53}},"17":{"start":{"line":60,"column":6},"end":{"line":60,"column":23}},"18":{"start":{"line":62,"column":6},"end":{"line":62,"column":40}},"19":{"start":{"line":64,"column":6},"end":{"line":64,"column":25}},"20":{"start":{"line":65,"column":6},"end":{"line":65,"column":18}},"21":{"start":{"line":70,"column":4},"end":{"line":105,"column":5}},"22":{"start":{"line":71,"column":34},"end":{"line":71,"column":42}},"23":{"start":{"line":73,"column":6},"end":{"line":73,"column":67}},"24":{"start":{"line":73,"column":31},"end":{"line":73,"column":67}},"25":{"start":{"line":75,"column":21},"end":{"line":79,"column":8}},"26":{"start":{"line":81,"column":6},"end":{"line":85,"column":7}},"27":{"start":{"line":82,"column":8},"end":{"line":84,"column":10}},"28":{"start":{"line":87,"column":30},"end":{"line":87,"column":66}},"29":{"start":{"line":89,"column":6},"end":{"line":93,"column":7}},"30":{"start":{"line":90,"column":8},"end":{"line":92,"column":10}},"31":{"start":{"line":95,"column":22},"end":{"line":98,"column":7}},"32":{"start":{"line":100,"column":20},"end":{"line":100,"column":38}},"33":{"start":{"line":102,"column":6},"end":{"line":102,"column":52}},"34":{"start":{"line":104,"column":6},"end":{"line":104,"column":18}},"35":{"start":{"line":109,"column":4},"end":{"line":125,"column":5}},"36":{"start":{"line":110,"column":29},"end":{"line":110,"column":41}},"37":{"start":{"line":111,"column":23},"end":{"line":116,"column":8}},"38":{"start":{"line":117,"column":6},"end":{"line":121,"column":7}},"39":{"start":{"line":118,"column":8},"end":{"line":120,"column":10}},"40":{"start":{"line":122,"column":6},"end":{"line":122,"column":37}},"41":{"start":{"line":124,"column":6},"end":{"line":124,"column":18}},"42":{"start":{"line":148,"column":0},"end":{"line":148,"column":28}}},"fnMap":{"0":{"name":"(anonymous_0)","decl":{"start":{"line":11,"column":2},"end":{"line":11,"column":3}},"loc":{"start":{"line":11,"column":40},"end":{"line":67,"column":3}},"line":11},"1":{"name":"(anonymous_1)","decl":{"start":{"line":52,"column":40},"end":{"line":52,"column":41}},"loc":{"start":{"line":52,"column":55},"end":{"line":59,"column":7}},"line":52},"2":{"name":"(anonymous_2)","decl":{"start":{"line":69,"column":2},"end":{"line":69,"column":3}},"loc":{"start":{"line":69,"column":37},"end":{"line":106,"column":3}},"line":69},"3":{"name":"(anonymous_3)","decl":{"start":{"line":108,"column":2},"end":{"line":108,"column":3}},"loc":{"start":{"line":108,"column":39},"end":{"line":126,"column":3}},"line":108}},"branchMap":{"0":{"loc":{"start":{"line":53,"column":8},"end":{"line":58,"column":9}},"type":"if","locations":[{"start":{"line":53,"column":8},"end":{"line":58,"column":9}},{"start":{"line":56,"column":15},"end":{"line":58,"column":9}}],"line":53},"1":{"loc":{"start":{"line":73,"column":6},"end":{"line":73,"column":67}},"type":"if","locations":[{"start":{"line":73,"column":6},"end":{"line":73,"column":67}},{"start":{},"end":{}}],"line":73},"2":{"loc":{"start":{"line":73,"column":10},"end":{"line":73,"column":29}},"type":"binary-expr","locations":[{"start":{"line":73,"column":10},"end":{"line":73,"column":16}},{"start":{"line":73,"column":20},"end":{"line":73,"column":29}}],"line":73},"3":{"loc":{"start":{"line":81,"column":6},"end":{"line":85,"column":7}},"type":"if","locations":[{"start":{"line":81,"column":6},"end":{"line":85,"column":7}},{"start":{},"end":{}}],"line":81},"4":{"loc":{"start":{"line":89,"column":6},"end":{"line":93,"column":7}},"type":"if","locations":[{"start":{"line":89,"column":6},"end":{"line":93,"column":7}},{"start":{},"end":{}}],"line":89},"5":{"loc":{"start":{"line":117,"column":6},"end":{"line":121,"column":7}},"type":"if","locations":[{"start":{"line":117,"column":6},"end":{"line":121,"column":7}},{"start":{},"end":{}}],"line":117}},"s":{"0":4,"1":4,"2":4,"3":4,"4":4,"5":5,"6":5,"7":5,"8":5,"9":5,"10":1,"11":1,"12":1,"13":1,"14":1,"15":1,"16":0,"17":1,"18":1,"19":4,"20":4,"21":3,"22":3,"23":3,"24":0,"25":3,"26":3,"27":2,"28":1,"29":1,"30":0,"31":1,"32":1,"33":1,"34":2,"35":1,"36":1,"37":1,"38":1,"39":0,"40":1,"41":0,"42":4},"f":{"0":5,"1":1,"2":3,"3":1},"b":{"0":[1,0],"1":[0,3],"2":[3,3],"3":[2,1],"4":[0,1],"5":[0,1]},"_coverageSchema":"1a1c01bbd47fc00a2c39e90264f33305004495a9","hash":"2dea16e687e3dbdbb72b1f83b21982fc0a81eb5f"}
,"D:\\Hacktiv8\\Phase3\\Final_Project\\LaundFazzBE\\services\\app\\controllers\\products.js": {"path":"D:\\Hacktiv8\\Phase3\\Final_Project\\LaundFazzBE\\services\\app\\controllers\\products.js","statementMap":{"0":{"start":{"line":1,"column":20},"end":{"line":1,"column":40}},"1":{"start":{"line":5,"column":4},"end":{"line":5,"column":24}},"2":{"start":{"line":9,"column":14},"end":{"line":9,"column":43}},"3":{"start":{"line":10,"column":4},"end":{"line":25,"column":5}},"4":{"start":{"line":11,"column":30},"end":{"line":11,"column":38}},"5":{"start":{"line":12,"column":20},"end":{"line":18,"column":7}},"6":{"start":{"line":20,"column":6},"end":{"line":20,"column":23}},"7":{"start":{"line":21,"column":6},"end":{"line":21,"column":36}},"8":{"start":{"line":23,"column":6},"end":{"line":23,"column":25}},"9":{"start":{"line":24,"column":6},"end":{"line":24,"column":18}},"10":{"start":{"line":29,"column":4},"end":{"line":37,"column":5}},"11":{"start":{"line":30,"column":23},"end":{"line":32,"column":8}},"12":{"start":{"line":34,"column":6},"end":{"line":34,"column":37}},"13":{"start":{"line":36,"column":6},"end":{"line":36,"column":18}},"14":{"start":{"line":41,"column":4},"end":{"line":57,"column":5}},"15":{"start":{"line":42,"column":28},"end":{"line":42,"column":38}},"16":{"start":{"line":43,"column":22},"end":{"line":48,"column":8}},"17":{"start":{"line":49,"column":6},"end":{"line":53,"column":7}},"18":{"start":{"line":50,"column":8},"end":{"line":52,"column":10}},"19":{"start":{"line":54,"column":6},"end":{"line":54,"column":36}},"20":{"start":{"line":56,"column":6},"end":{"line":56,"column":18}},"21":{"start":{"line":61,"column":14},"end":{"line":61,"column":43}},"22":{"start":{"line":62,"column":4},"end":{"line":94,"column":5}},"23":{"start":{"line":63,"column":30},"end":{"line":63,"column":38}},"24":{"start":{"line":64,"column":28},"end":{"line":64,"column":38}},"25":{"start":{"line":66,"column":22},"end":{"line":66,"column":55}},"26":{"start":{"line":68,"column":6},"end":{"line":70,"column":7}},"27":{"start":{"line":69,"column":8},"end":{"line":69,"column":42}},"28":{"start":{"line":72,"column":23},"end":{"line":84,"column":7}},"29":{"start":{"line":86,"column":6},"end":{"line":86,"column":23}},"30":{"start":{"line":87,"column":6},"end":{"line":90,"column":9}},"31":{"start":{"line":92,"column":6},"end":{"line":92,"column":25}},"32":{"start":{"line":93,"column":6},"end":{"line":93,"column":18}},"33":{"start":{"line":98,"column":14},"end":{"line":98,"column":43}},"34":{"start":{"line":99,"column":4},"end":{"line":120,"column":5}},"35":{"start":{"line":100,"column":28},"end":{"line":100,"column":38}},"36":{"start":{"line":102,"column":22},"end":{"line":102,"column":55}},"37":{"start":{"line":104,"column":6},"end":{"line":106,"column":7}},"38":{"start":{"line":105,"column":8},"end":{"line":105,"column":42}},"39":{"start":{"line":108,"column":6},"end":{"line":113,"column":9}},"40":{"start":{"line":115,"column":6},"end":{"line":115,"column":23}},"41":{"start":{"line":116,"column":6},"end":{"line":116,"column":59}},"42":{"start":{"line":118,"column":6},"end":{"line":118,"column":25}},"43":{"start":{"line":119,"column":6},"end":{"line":119,"column":18}},"44":{"start":{"line":124,"column":0},"end":{"line":124,"column":28}}},"fnMap":{"0":{"name":"(anonymous_0)","decl":{"start":{"line":8,"column":2},"end":{"line":8,"column":3}},"loc":{"start":{"line":8,"column":42},"end":{"line":26,"column":3}},"line":8},"1":{"name":"(anonymous_1)","decl":{"start":{"line":28,"column":2},"end":{"line":28,"column":3}},"loc":{"start":{"line":28,"column":43},"end":{"line":38,"column":3}},"line":28},"2":{"name":"(anonymous_2)","decl":{"start":{"line":40,"column":2},"end":{"line":40,"column":3}},"loc":{"start":{"line":40,"column":46},"end":{"line":58,"column":3}},"line":40},"3":{"name":"(anonymous_3)","decl":{"start":{"line":60,"column":2},"end":{"line":60,"column":3}},"loc":{"start":{"line":60,"column":43},"end":{"line":95,"column":3}},"line":60},"4":{"name":"(anonymous_4)","decl":{"start":{"line":97,"column":2},"end":{"line":97,"column":3}},"loc":{"start":{"line":97,"column":45},"end":{"line":121,"column":3}},"line":97}},"branchMap":{"0":{"loc":{"start":{"line":49,"column":6},"end":{"line":53,"column":7}},"type":"if","locations":[{"start":{"line":49,"column":6},"end":{"line":53,"column":7}},{"start":{},"end":{}}],"line":49},"1":{"loc":{"start":{"line":68,"column":6},"end":{"line":70,"column":7}},"type":"if","locations":[{"start":{"line":68,"column":6},"end":{"line":70,"column":7}},{"start":{},"end":{}}],"line":68},"2":{"loc":{"start":{"line":104,"column":6},"end":{"line":106,"column":7}},"type":"if","locations":[{"start":{"line":104,"column":6},"end":{"line":106,"column":7}},{"start":{},"end":{}}],"line":104}},"s":{"0":4,"1":4,"2":1,"3":1,"4":1,"5":1,"6":1,"7":1,"8":0,"9":0,"10":1,"11":1,"12":1,"13":0,"14":0,"15":0,"16":0,"17":0,"18":0,"19":0,"20":0,"21":0,"22":0,"23":0,"24":0,"25":0,"26":0,"27":0,"28":0,"29":0,"30":0,"31":0,"32":0,"33":0,"34":0,"35":0,"36":0,"37":0,"38":0,"39":0,"40":0,"41":0,"42":0,"43":0,"44":4},"f":{"0":1,"1":1,"2":0,"3":0,"4":0},"b":{"0":[0,0],"1":[0,0],"2":[0,0]},"_coverageSchema":"1a1c01bbd47fc00a2c39e90264f33305004495a9","hash":"14006141dbabe74fa0525d9dff5a174114f897a6"}
,"D:\\Hacktiv8\\Phase3\\Final_Project\\LaundFazzBE\\services\\app\\controllers\\staffs.js": {"path":"D:\\Hacktiv8\\Phase3\\Final_Project\\LaundFazzBE\\services\\app\\controllers\\staffs.js","statementMap":{"0":{"start":{"line":1,"column":18},"end":{"line":1,"column":38}},"1":{"start":{"line":2,"column":22},"end":{"line":2,"column":47}},"2":{"start":{"line":3,"column":20},"end":{"line":3,"column":48}},"3":{"start":{"line":7,"column":4},"end":{"line":7,"column":24}},"4":{"start":{"line":11,"column":14},"end":{"line":11,"column":43}},"5":{"start":{"line":12,"column":4},"end":{"line":27,"column":5}},"6":{"start":{"line":13,"column":34},"end":{"line":13,"column":42}},"7":{"start":{"line":14,"column":21},"end":{"line":20,"column":7}},"8":{"start":{"line":22,"column":6},"end":{"line":22,"column":23}},"9":{"start":{"line":23,"column":6},"end":{"line":23,"column":37}},"10":{"start":{"line":25,"column":6},"end":{"line":25,"column":25}},"11":{"start":{"line":26,"column":6},"end":{"line":26,"column":18}},"12":{"start":{"line":31,"column":4},"end":{"line":66,"column":5}},"13":{"start":{"line":32,"column":34},"end":{"line":32,"column":42}},"14":{"start":{"line":34,"column":6},"end":{"line":34,"column":68}},"15":{"start":{"line":34,"column":31},"end":{"line":34,"column":68}},"16":{"start":{"line":36,"column":18},"end":{"line":40,"column":8}},"17":{"start":{"line":42,"column":6},"end":{"line":46,"column":7}},"18":{"start":{"line":43,"column":8},"end":{"line":45,"column":10}},"19":{"start":{"line":48,"column":30},"end":{"line":48,"column":63}},"20":{"start":{"line":50,"column":6},"end":{"line":54,"column":7}},"21":{"start":{"line":51,"column":8},"end":{"line":53,"column":10}},"22":{"start":{"line":56,"column":22},"end":{"line":59,"column":7}},"23":{"start":{"line":61,"column":20},"end":{"line":61,"column":38}},"24":{"start":{"line":63,"column":6},"end":{"line":63,"column":52}},"25":{"start":{"line":65,"column":6},"end":{"line":65,"column":18}},"26":{"start":{"line":70,"column":4},"end":{"line":86,"column":5}},"27":{"start":{"line":71,"column":26},"end":{"line":71,"column":36}},"28":{"start":{"line":72,"column":20},"end":{"line":77,"column":8}},"29":{"start":{"line":78,"column":6},"end":{"line":82,"column":7}},"30":{"start":{"line":79,"column":8},"end":{"line":81,"column":10}},"31":{"start":{"line":83,"column":6},"end":{"line":83,"column":34}},"32":{"start":{"line":85,"column":6},"end":{"line":85,"column":18}},"33":{"start":{"line":90,"column":4},"end":{"line":107,"column":5}},"34":{"start":{"line":91,"column":26},"end":{"line":91,"column":35}},"35":{"start":{"line":92,"column":38},"end":{"line":92,"column":46}},"36":{"start":{"line":93,"column":20},"end":{"line":101,"column":7}},"37":{"start":{"line":102,"column":23},"end":{"line":102,"column":34}},"38":{"start":{"line":103,"column":6},"end":{"line":103,"column":30}},"39":{"start":{"line":104,"column":6},"end":{"line":104,"column":37}},"40":{"start":{"line":106,"column":6},"end":{"line":106,"column":18}},"41":{"start":{"line":130,"column":0},"end":{"line":130,"column":28}}},"fnMap":{"0":{"name":"(anonymous_0)","decl":{"start":{"line":10,"column":2},"end":{"line":10,"column":3}},"loc":{"start":{"line":10,"column":40},"end":{"line":28,"column":3}},"line":10},"1":{"name":"(anonymous_1)","decl":{"start":{"line":30,"column":2},"end":{"line":30,"column":3}},"loc":{"start":{"line":30,"column":37},"end":{"line":67,"column":3}},"line":30},"2":{"name":"(anonymous_2)","decl":{"start":{"line":69,"column":2},"end":{"line":69,"column":3}},"loc":{"start":{"line":69,"column":39},"end":{"line":87,"column":3}},"line":69},"3":{"name":"(anonymous_3)","decl":{"start":{"line":89,"column":2},"end":{"line":89,"column":3}},"loc":{"start":{"line":89,"column":42},"end":{"line":108,"column":3}},"line":89}},"branchMap":{"0":{"loc":{"start":{"line":34,"column":6},"end":{"line":34,"column":68}},"type":"if","locations":[{"start":{"line":34,"column":6},"end":{"line":34,"column":68}},{"start":{},"end":{}}],"line":34},"1":{"loc":{"start":{"line":34,"column":10},"end":{"line":34,"column":29}},"type":"binary-expr","locations":[{"start":{"line":34,"column":10},"end":{"line":34,"column":16}},{"start":{"line":34,"column":20},"end":{"line":34,"column":29}}],"line":34},"2":{"loc":{"start":{"line":42,"column":6},"end":{"line":46,"column":7}},"type":"if","locations":[{"start":{"line":42,"column":6},"end":{"line":46,"column":7}},{"start":{},"end":{}}],"line":42},"3":{"loc":{"start":{"line":50,"column":6},"end":{"line":54,"column":7}},"type":"if","locations":[{"start":{"line":50,"column":6},"end":{"line":54,"column":7}},{"start":{},"end":{}}],"line":50},"4":{"loc":{"start":{"line":78,"column":6},"end":{"line":82,"column":7}},"type":"if","locations":[{"start":{"line":78,"column":6},"end":{"line":82,"column":7}},{"start":{},"end":{}}],"line":78}},"s":{"0":4,"1":4,"2":4,"3":4,"4":5,"5":5,"6":5,"7":5,"8":1,"9":1,"10":4,"11":4,"12":5,"13":5,"14":5,"15":2,"16":3,"17":3,"18":1,"19":2,"20":2,"21":1,"22":1,"23":1,"24":1,"25":4,"26":2,"27":2,"28":2,"29":0,"30":0,"31":0,"32":2,"33":0,"34":0,"35":0,"36":0,"37":0,"38":0,"39":0,"40":0,"41":4},"f":{"0":5,"1":5,"2":2,"3":0},"b":{"0":[2,3],"1":[5,4],"2":[1,2],"3":[1,1],"4":[0,0]},"_coverageSchema":"1a1c01bbd47fc00a2c39e90264f33305004495a9","hash":"012e569b35aceecf20c7d67f9f4050208196ae81"}
,"D:\\Hacktiv8\\Phase3\\Final_Project\\LaundFazzBE\\services\\app\\controllers\\transaction.js": {"path":"D:\\Hacktiv8\\Phase3\\Final_Project\\LaundFazzBE\\services\\app\\controllers\\transaction.js","statementMap":{"0":{"start":{"line":1,"column":63},"end":{"line":1,"column":83}},"1":{"start":{"line":5,"column":4},"end":{"line":5,"column":24}},"2":{"start":{"line":6,"column":14},"end":{"line":6,"column":30}},"3":{"start":{"line":10,"column":14},"end":{"line":10,"column":43}},"4":{"start":{"line":11,"column":4},"end":{"line":48,"column":5}},"5":{"start":{"line":12,"column":53},"end":{"line":12,"column":61}},"6":{"start":{"line":13,"column":29},"end":{"line":13,"column":41}},"7":{"start":{"line":14,"column":6},"end":{"line":14,"column":56}},"8":{"start":{"line":15,"column":27},"end":{"line":22,"column":7}},"9":{"start":{"line":25,"column":21},"end":{"line":32,"column":8}},"10":{"start":{"line":26,"column":21},"end":{"line":26,"column":23}},"11":{"start":{"line":27,"column":8},"end":{"line":27,"column":48}},"12":{"start":{"line":28,"column":8},"end":{"line":28,"column":28}},"13":{"start":{"line":29,"column":8},"end":{"line":29,"column":38}},"14":{"start":{"line":30,"column":8},"end":{"line":30,"column":38}},"15":{"start":{"line":31,"column":8},"end":{"line":31,"column":21}},"16":{"start":{"line":34,"column":18},"end":{"line":37,"column":8}},"17":{"start":{"line":39,"column":6},"end":{"line":41,"column":7}},"18":{"start":{"line":40,"column":8},"end":{"line":40,"column":42}},"19":{"start":{"line":43,"column":6},"end":{"line":43,"column":23}},"20":{"start":{"line":44,"column":6},"end":{"line":44,"column":43}},"21":{"start":{"line":46,"column":6},"end":{"line":46,"column":25}},"22":{"start":{"line":47,"column":6},"end":{"line":47,"column":18}},"23":{"start":{"line":52,"column":4},"end":{"line":69,"column":5}},"24":{"start":{"line":53,"column":26},"end":{"line":53,"column":35}},"25":{"start":{"line":54,"column":27},"end":{"line":63,"column":8}},"26":{"start":{"line":66,"column":6},"end":{"line":66,"column":41}},"27":{"start":{"line":68,"column":6},"end":{"line":68,"column":18}},"28":{"start":{"line":73,"column":4},"end":{"line":89,"column":5}},"29":{"start":{"line":74,"column":29},"end":{"line":74,"column":41}},"30":{"start":{"line":75,"column":27},"end":{"line":84,"column":8}},"31":{"start":{"line":86,"column":6},"end":{"line":86,"column":41}},"32":{"start":{"line":88,"column":6},"end":{"line":88,"column":18}},"33":{"start":{"line":93,"column":4},"end":{"line":139,"column":5}},"34":{"start":{"line":94,"column":32},"end":{"line":94,"column":42}},"35":{"start":{"line":95,"column":26},"end":{"line":104,"column":8}},"36":{"start":{"line":105,"column":6},"end":{"line":109,"column":7}},"37":{"start":{"line":106,"column":8},"end":{"line":108,"column":10}},"38":{"start":{"line":111,"column":6},"end":{"line":136,"column":7}},"39":{"start":{"line":112,"column":25},"end":{"line":132,"column":9}},"40":{"start":{"line":133,"column":8},"end":{"line":133,"column":52}},"41":{"start":{"line":135,"column":8},"end":{"line":135,"column":42}},"42":{"start":{"line":138,"column":6},"end":{"line":138,"column":18}},"43":{"start":{"line":143,"column":14},"end":{"line":143,"column":43}},"44":{"start":{"line":144,"column":4},"end":{"line":199,"column":5}},"45":{"start":{"line":153,"column":10},"end":{"line":153,"column":18}},"46":{"start":{"line":154,"column":32},"end":{"line":154,"column":42}},"47":{"start":{"line":156,"column":17},"end":{"line":156,"column":19}},"48":{"start":{"line":158,"column":6},"end":{"line":160,"column":7}},"49":{"start":{"line":159,"column":8},"end":{"line":159,"column":37}},"50":{"start":{"line":161,"column":6},"end":{"line":163,"column":7}},"51":{"start":{"line":162,"column":8},"end":{"line":162,"column":41}},"52":{"start":{"line":164,"column":6},"end":{"line":166,"column":7}},"53":{"start":{"line":165,"column":8},"end":{"line":165,"column":29}},"54":{"start":{"line":167,"column":6},"end":{"line":169,"column":7}},"55":{"start":{"line":168,"column":8},"end":{"line":168,"column":29}},"56":{"start":{"line":170,"column":6},"end":{"line":172,"column":7}},"57":{"start":{"line":171,"column":8},"end":{"line":171,"column":35}},"58":{"start":{"line":173,"column":6},"end":{"line":175,"column":7}},"59":{"start":{"line":174,"column":8},"end":{"line":174,"column":33}},"60":{"start":{"line":176,"column":6},"end":{"line":178,"column":7}},"61":{"start":{"line":177,"column":8},"end":{"line":177,"column":35}},"62":{"start":{"line":180,"column":26},"end":{"line":180,"column":67}},"63":{"start":{"line":182,"column":6},"end":{"line":184,"column":7}},"64":{"start":{"line":183,"column":8},"end":{"line":183,"column":46}},"65":{"start":{"line":186,"column":27},"end":{"line":192,"column":8}},"66":{"start":{"line":194,"column":6},"end":{"line":194,"column":23}},"67":{"start":{"line":195,"column":6},"end":{"line":195,"column":49}},"68":{"start":{"line":197,"column":6},"end":{"line":197,"column":25}},"69":{"start":{"line":198,"column":6},"end":{"line":198,"column":18}},"70":{"start":{"line":203,"column":14},"end":{"line":203,"column":43}},"71":{"start":{"line":204,"column":4},"end":{"line":225,"column":5}},"72":{"start":{"line":205,"column":32},"end":{"line":205,"column":42}},"73":{"start":{"line":207,"column":26},"end":{"line":207,"column":67}},"74":{"start":{"line":209,"column":6},"end":{"line":211,"column":7}},"75":{"start":{"line":210,"column":8},"end":{"line":210,"column":46}},"76":{"start":{"line":213,"column":6},"end":{"line":218,"column":9}},"77":{"start":{"line":220,"column":6},"end":{"line":220,"column":23}},"78":{"start":{"line":221,"column":6},"end":{"line":221,"column":63}},"79":{"start":{"line":223,"column":6},"end":{"line":223,"column":25}},"80":{"start":{"line":224,"column":6},"end":{"line":224,"column":18}},"81":{"start":{"line":229,"column":0},"end":{"line":229,"column":28}}},"fnMap":{"0":{"name":"(anonymous_0)","decl":{"start":{"line":9,"column":2},"end":{"line":9,"column":3}},"loc":{"start":{"line":9,"column":46},"end":{"line":49,"column":3}},"line":9},"1":{"name":"(anonymous_1)","decl":{"start":{"line":25,"column":39},"end":{"line":25,"column":40}},"loc":{"start":{"line":25,"column":46},"end":{"line":32,"column":7}},"line":25},"2":{"name":"(anonymous_2)","decl":{"start":{"line":51,"column":2},"end":{"line":51,"column":3}},"loc":{"start":{"line":51,"column":47},"end":{"line":70,"column":3}},"line":51},"3":{"name":"(anonymous_3)","decl":{"start":{"line":72,"column":2},"end":{"line":72,"column":3}},"loc":{"start":{"line":72,"column":51},"end":{"line":90,"column":3}},"line":72},"4":{"name":"(anonymous_4)","decl":{"start":{"line":92,"column":2},"end":{"line":92,"column":3}},"loc":{"start":{"line":92,"column":50},"end":{"line":140,"column":3}},"line":92},"5":{"name":"(anonymous_5)","decl":{"start":{"line":142,"column":2},"end":{"line":142,"column":3}},"loc":{"start":{"line":142,"column":47},"end":{"line":200,"column":3}},"line":142},"6":{"name":"(anonymous_6)","decl":{"start":{"line":202,"column":2},"end":{"line":202,"column":3}},"loc":{"start":{"line":202,"column":49},"end":{"line":226,"column":3}},"line":202}},"branchMap":{"0":{"loc":{"start":{"line":39,"column":6},"end":{"line":41,"column":7}},"type":"if","locations":[{"start":{"line":39,"column":6},"end":{"line":41,"column":7}},{"start":{},"end":{}}],"line":39},"1":{"loc":{"start":{"line":105,"column":6},"end":{"line":109,"column":7}},"type":"if","locations":[{"start":{"line":105,"column":6},"end":{"line":109,"column":7}},{"start":{},"end":{}}],"line":105},"2":{"loc":{"start":{"line":111,"column":6},"end":{"line":136,"column":7}},"type":"if","locations":[{"start":{"line":111,"column":6},"end":{"line":136,"column":7}},{"start":{"line":134,"column":13},"end":{"line":136,"column":7}}],"line":111},"3":{"loc":{"start":{"line":158,"column":6},"end":{"line":160,"column":7}},"type":"if","locations":[{"start":{"line":158,"column":6},"end":{"line":160,"column":7}},{"start":{},"end":{}}],"line":158},"4":{"loc":{"start":{"line":161,"column":6},"end":{"line":163,"column":7}},"type":"if","locations":[{"start":{"line":161,"column":6},"end":{"line":163,"column":7}},{"start":{},"end":{}}],"line":161},"5":{"loc":{"start":{"line":164,"column":6},"end":{"line":166,"column":7}},"type":"if","locations":[{"start":{"line":164,"column":6},"end":{"line":166,"column":7}},{"start":{},"end":{}}],"line":164},"6":{"loc":{"start":{"line":167,"column":6},"end":{"line":169,"column":7}},"type":"if","locations":[{"start":{"line":167,"column":6},"end":{"line":169,"column":7}},{"start":{},"end":{}}],"line":167},"7":{"loc":{"start":{"line":170,"column":6},"end":{"line":172,"column":7}},"type":"if","locations":[{"start":{"line":170,"column":6},"end":{"line":172,"column":7}},{"start":{},"end":{}}],"line":170},"8":{"loc":{"start":{"line":173,"column":6},"end":{"line":175,"column":7}},"type":"if","locations":[{"start":{"line":173,"column":6},"end":{"line":175,"column":7}},{"start":{},"end":{}}],"line":173},"9":{"loc":{"start":{"line":176,"column":6},"end":{"line":178,"column":7}},"type":"if","locations":[{"start":{"line":176,"column":6},"end":{"line":178,"column":7}},{"start":{},"end":{}}],"line":176},"10":{"loc":{"start":{"line":182,"column":6},"end":{"line":184,"column":7}},"type":"if","locations":[{"start":{"line":182,"column":6},"end":{"line":184,"column":7}},{"start":{},"end":{}}],"line":182},"11":{"loc":{"start":{"line":209,"column":6},"end":{"line":211,"column":7}},"type":"if","locations":[{"start":{"line":209,"column":6},"end":{"line":211,"column":7}},{"start":{},"end":{}}],"line":209}},"s":{"0":4,"1":4,"2":4,"3":3,"4":3,"5":3,"6":3,"7":3,"8":3,"9":2,"10":4,"11":4,"12":4,"13":4,"14":4,"15":4,"16":2,"17":1,"18":1,"19":0,"20":0,"21":3,"22":3,"23":0,"24":0,"25":0,"26":0,"27":0,"28":1,"29":1,"30":1,"31":1,"32":0,"33":0,"34":0,"35":0,"36":0,"37":0,"38":0,"39":0,"40":0,"41":0,"42":0,"43":0,"44":0,"45":0,"46":0,"47":0,"48":0,"49":0,"50":0,"51":0,"52":0,"53":0,"54":0,"55":0,"56":0,"57":0,"58":0,"59":0,"60":0,"61":0,"62":0,"63":0,"64":0,"65":0,"66":0,"67":0,"68":0,"69":0,"70":0,"71":0,"72":0,"73":0,"74":0,"75":0,"76":0,"77":0,"78":0,"79":0,"80":0,"81":4},"f":{"0":3,"1":4,"2":0,"3":1,"4":0,"5":0,"6":0},"b":{"0":[1,0],"1":[0,0],"2":[0,0],"3":[0,0],"4":[0,0],"5":[0,0],"6":[0,0],"7":[0,0],"8":[0,0],"9":[0,0],"10":[0,0],"11":[0,0]},"_coverageSchema":"1a1c01bbd47fc00a2c39e90264f33305004495a9","hash":"a2233ebd5a962dbacb7b8b4c9fc92c82ca10cf74"}
,"D:\\Hacktiv8\\Phase3\\Final_Project\\LaundFazzBE\\services\\app\\controllers\\transactionProducts.js": {"path":"D:\\Hacktiv8\\Phase3\\Final_Project\\LaundFazzBE\\services\\app\\controllers\\transactionProducts.js","statementMap":{"0":{"start":{"line":1,"column":53},"end":{"line":1,"column":73}},"1":{"start":{"line":5,"column":4},"end":{"line":5,"column":24}},"2":{"start":{"line":6,"column":14},"end":{"line":6,"column":30}},"3":{"start":{"line":10,"column":14},"end":{"line":10,"column":43}},"4":{"start":{"line":11,"column":4},"end":{"line":26,"column":5}},"5":{"start":{"line":12,"column":43},"end":{"line":12,"column":51}},"6":{"start":{"line":13,"column":18},"end":{"line":19,"column":7}},"7":{"start":{"line":21,"column":6},"end":{"line":21,"column":23}},"8":{"start":{"line":22,"column":6},"end":{"line":22,"column":34}},"9":{"start":{"line":24,"column":6},"end":{"line":24,"column":25}},"10":{"start":{"line":25,"column":6},"end":{"line":25,"column":18}},"11":{"start":{"line":30,"column":4},"end":{"line":48,"column":5}},"12":{"start":{"line":31,"column":18},"end":{"line":43,"column":8}},"13":{"start":{"line":45,"column":6},"end":{"line":45,"column":32}},"14":{"start":{"line":47,"column":6},"end":{"line":47,"column":18}},"15":{"start":{"line":52,"column":4},"end":{"line":82,"column":5}},"16":{"start":{"line":53,"column":23},"end":{"line":53,"column":33}},"17":{"start":{"line":54,"column":17},"end":{"line":69,"column":8}},"18":{"start":{"line":71,"column":6},"end":{"line":75,"column":7}},"19":{"start":{"line":72,"column":8},"end":{"line":74,"column":10}},"20":{"start":{"line":76,"column":6},"end":{"line":78,"column":7}},"21":{"start":{"line":77,"column":8},"end":{"line":77,"column":33}},"22":{"start":{"line":79,"column":6},"end":{"line":79,"column":41}},"23":{"start":{"line":81,"column":6},"end":{"line":81,"column":18}},"24":{"start":{"line":86,"column":14},"end":{"line":86,"column":43}},"25":{"start":{"line":87,"column":4},"end":{"line":108,"column":5}},"26":{"start":{"line":88,"column":23},"end":{"line":88,"column":33}},"27":{"start":{"line":90,"column":17},"end":{"line":90,"column":56}},"28":{"start":{"line":92,"column":6},"end":{"line":94,"column":7}},"29":{"start":{"line":93,"column":8},"end":{"line":93,"column":53}},"30":{"start":{"line":96,"column":6},"end":{"line":101,"column":9}},"31":{"start":{"line":103,"column":6},"end":{"line":103,"column":23}},"32":{"start":{"line":104,"column":6},"end":{"line":104,"column":70}},"33":{"start":{"line":106,"column":6},"end":{"line":106,"column":25}},"34":{"start":{"line":107,"column":6},"end":{"line":107,"column":18}},"35":{"start":{"line":112,"column":0},"end":{"line":112,"column":28}}},"fnMap":{"0":{"name":"(anonymous_0)","decl":{"start":{"line":9,"column":2},"end":{"line":9,"column":3}},"loc":{"start":{"line":9,"column":53},"end":{"line":27,"column":3}},"line":9},"1":{"name":"(anonymous_1)","decl":{"start":{"line":29,"column":2},"end":{"line":29,"column":3}},"loc":{"start":{"line":29,"column":54},"end":{"line":49,"column":3}},"line":29},"2":{"name":"(anonymous_2)","decl":{"start":{"line":51,"column":2},"end":{"line":51,"column":3}},"loc":{"start":{"line":51,"column":57},"end":{"line":83,"column":3}},"line":51},"3":{"name":"(anonymous_3)","decl":{"start":{"line":85,"column":2},"end":{"line":85,"column":3}},"loc":{"start":{"line":85,"column":56},"end":{"line":109,"column":3}},"line":85}},"branchMap":{"0":{"loc":{"start":{"line":71,"column":6},"end":{"line":75,"column":7}},"type":"if","locations":[{"start":{"line":71,"column":6},"end":{"line":75,"column":7}},{"start":{},"end":{}}],"line":71},"1":{"loc":{"start":{"line":76,"column":6},"end":{"line":78,"column":7}},"type":"if","locations":[{"start":{"line":76,"column":6},"end":{"line":78,"column":7}},{"start":{},"end":{}}],"line":76},"2":{"loc":{"start":{"line":92,"column":6},"end":{"line":94,"column":7}},"type":"if","locations":[{"start":{"line":92,"column":6},"end":{"line":94,"column":7}},{"start":{},"end":{}}],"line":92}},"s":{"0":4,"1":4,"2":4,"3":0,"4":0,"5":0,"6":0,"7":0,"8":0,"9":0,"10":0,"11":0,"12":0,"13":0,"14":0,"15":0,"16":0,"17":0,"18":0,"19":0,"20":0,"21":0,"22":0,"23":0,"24":0,"25":0,"26":0,"27":0,"28":0,"29":0,"30":0,"31":0,"32":0,"33":0,"34":0,"35":4},"f":{"0":0,"1":0,"2":0,"3":0},"b":{"0":[0,0],"1":[0,0],"2":[0,0]},"_coverageSchema":"1a1c01bbd47fc00a2c39e90264f33305004495a9","hash":"11a2c96424698f993a9c6f1352814447ffa8dfe9"}
,"D:\\Hacktiv8\\Phase3\\Final_Project\\LaundFazzBE\\services\\app\\helpers\\bcrypt.js": {"path":"D:\\Hacktiv8\\Phase3\\Final_Project\\LaundFazzBE\\services\\app\\helpers\\bcrypt.js","statementMap":{"0":{"start":{"line":1,"column":15},"end":{"line":1,"column":32}},"1":{"start":{"line":4,"column":2},"end":{"line":4,"column":39}},"2":{"start":{"line":8,"column":2},"end":{"line":8,"column":52}},"3":{"start":{"line":11,"column":0},"end":{"line":11,"column":35}}},"fnMap":{"0":{"name":"hash","decl":{"start":{"line":3,"column":9},"end":{"line":3,"column":13}},"loc":{"start":{"line":3,"column":24},"end":{"line":5,"column":1}},"line":3},"1":{"name":"compare","decl":{"start":{"line":7,"column":9},"end":{"line":7,"column":16}},"loc":{"start":{"line":7,"column":41},"end":{"line":9,"column":1}},"line":7}},"branchMap":{},"s":{"0":4,"1":7,"2":3,"3":4},"f":{"0":7,"1":3},"b":{},"_coverageSchema":"1a1c01bbd47fc00a2c39e90264f33305004495a9","hash":"1695856461e33a165fa0da7f64a6c858cc6d243b"}
,"D:\\Hacktiv8\\Phase3\\Final_Project\\LaundFazzBE\\services\\app\\helpers\\jwt.js": {"path":"D:\\Hacktiv8\\Phase3\\Final_Project\\LaundFazzBE\\services\\app\\helpers\\jwt.js","statementMap":{"0":{"start":{"line":1,"column":12},"end":{"line":1,"column":35}},"1":{"start":{"line":2,"column":15},"end":{"line":2,"column":53}},"2":{"start":{"line":5,"column":2},"end":{"line":5,"column":35}},"3":{"start":{"line":9,"column":2},"end":{"line":9,"column":35}},"4":{"start":{"line":12,"column":0},"end":{"line":12,"column":44}}},"fnMap":{"0":{"name":"signToken","decl":{"start":{"line":4,"column":9},"end":{"line":4,"column":18}},"loc":{"start":{"line":4,"column":28},"end":{"line":6,"column":1}},"line":4},"1":{"name":"verifyToken","decl":{"start":{"line":8,"column":9},"end":{"line":8,"column":20}},"loc":{"start":{"line":8,"column":28},"end":{"line":10,"column":1}},"line":8}},"branchMap":{"0":{"loc":{"start":{"line":2,"column":15},"end":{"line":2,"column":53}},"type":"binary-expr","locations":[{"start":{"line":2,"column":15},"end":{"line":2,"column":41}},{"start":{"line":2,"column":45},"end":{"line":2,"column":53}}],"line":2}},"s":{"0":4,"1":4,"2":2,"3":12,"4":4},"f":{"0":2,"1":12},"b":{"0":[4,4]},"_coverageSchema":"1a1c01bbd47fc00a2c39e90264f33305004495a9","hash":"a4dc60b88ea23cb4f5b08a3e688348753858cefc"}
,"D:\\Hacktiv8\\Phase3\\Final_Project\\LaundFazzBE\\services\\app\\helpers\\nodemailer.js": {"path":"D:\\Hacktiv8\\Phase3\\Final_Project\\LaundFazzBE\\services\\app\\helpers\\nodemailer.js","statementMap":{"0":{"start":{"line":1,"column":19},"end":{"line":1,"column":40}},"1":{"start":{"line":2,"column":18},"end":{"line":8,"column":2}},"2":{"start":{"line":9,"column":12},"end":{"line":9,"column":52}},"3":{"start":{"line":11,"column":25},"end":{"line":19,"column":1}},"4":{"start":{"line":21,"column":0},"end":{"line":21,"column":48}},"5":{"start":{"line":23,"column":0},"end":{"line":25,"column":1}}},"fnMap":{},"branchMap":{},"s":{"0":4,"1":4,"2":4,"3":4,"4":4,"5":4},"f":{},"b":{},"_coverageSchema":"1a1c01bbd47fc00a2c39e90264f33305004495a9","hash":"a4b1426ce20e4504fd4b272f60a809487bc024ba"}
,"D:\\Hacktiv8\\Phase3\\Final_Project\\LaundFazzBE\\services\\app\\middlewares\\custTransactionAuthz.js": {"path":"D:\\Hacktiv8\\Phase3\\Final_Project\\LaundFazzBE\\services\\app\\middlewares\\custTransactionAuthz.js","statementMap":{"0":{"start":{"line":1,"column":24},"end":{"line":1,"column":44}},"1":{"start":{"line":3,"column":22},"end":{"line":24,"column":1}},"2":{"start":{"line":4,"column":2},"end":{"line":23,"column":3}},"3":{"start":{"line":5,"column":27},"end":{"line":5,"column":39}},"4":{"start":{"line":7,"column":17},"end":{"line":11,"column":6}},"5":{"start":{"line":12,"column":4},"end":{"line":14,"column":5}},"6":{"start":{"line":13,"column":6},"end":{"line":13,"column":52}},"7":{"start":{"line":16,"column":4},"end":{"line":18,"column":5}},"8":{"start":{"line":17,"column":6},"end":{"line":17,"column":51}},"9":{"start":{"line":20,"column":4},"end":{"line":20,"column":11}},"10":{"start":{"line":22,"column":4},"end":{"line":22,"column":16}},"11":{"start":{"line":26,"column":0},"end":{"line":26,"column":31}}},"fnMap":{"0":{"name":"(anonymous_0)","decl":{"start":{"line":3,"column":22},"end":{"line":3,"column":23}},"loc":{"start":{"line":3,"column":48},"end":{"line":24,"column":1}},"line":3}},"branchMap":{"0":{"loc":{"start":{"line":12,"column":4},"end":{"line":14,"column":5}},"type":"if","locations":[{"start":{"line":12,"column":4},"end":{"line":14,"column":5}},{"start":{},"end":{}}],"line":12},"1":{"loc":{"start":{"line":16,"column":4},"end":{"line":18,"column":5}},"type":"if","locations":[{"start":{"line":16,"column":4},"end":{"line":18,"column":5}},{"start":{},"end":{}}],"line":16}},"s":{"0":4,"1":4,"2":0,"3":0,"4":0,"5":0,"6":0,"7":0,"8":0,"9":0,"10":0,"11":4},"f":{"0":0},"b":{"0":[0,0],"1":[0,0]},"_coverageSchema":"1a1c01bbd47fc00a2c39e90264f33305004495a9","hash":"eeb3db49e584bd1934ff22743da150a2b6c7e2e9"}
,"D:\\Hacktiv8\\Phase3\\Final_Project\\LaundFazzBE\\services\\app\\middlewares\\customerAuthc.js": {"path":"D:\\Hacktiv8\\Phase3\\Final_Project\\LaundFazzBE\\services\\app\\middlewares\\customerAuthc.js","statementMap":{"0":{"start":{"line":1,"column":24},"end":{"line":1,"column":49}},"1":{"start":{"line":2,"column":21},"end":{"line":2,"column":41}},"2":{"start":{"line":4,"column":21},"end":{"line":30,"column":1}},"3":{"start":{"line":5,"column":2},"end":{"line":29,"column":3}},"4":{"start":{"line":6,"column":29},"end":{"line":6,"column":40}},"5":{"start":{"line":7,"column":20},"end":{"line":7,"column":45}},"6":{"start":{"line":8,"column":21},"end":{"line":12,"column":6}},"7":{"start":{"line":13,"column":4},"end":{"line":13,"column":50}},"8":{"start":{"line":14,"column":4},"end":{"line":18,"column":5}},"9":{"start":{"line":15,"column":6},"end":{"line":17,"column":8}},"10":{"start":{"line":20,"column":4},"end":{"line":24,"column":6}},"11":{"start":{"line":26,"column":4},"end":{"line":26,"column":11}},"12":{"start":{"line":28,"column":4},"end":{"line":28,"column":16}},"13":{"start":{"line":32,"column":0},"end":{"line":32,"column":32}}},"fnMap":{"0":{"name":"(anonymous_0)","decl":{"start":{"line":4,"column":21},"end":{"line":4,"column":22}},"loc":{"start":{"line":4,"column":47},"end":{"line":30,"column":1}},"line":4}},"branchMap":{"0":{"loc":{"start":{"line":14,"column":4},"end":{"line":18,"column":5}},"type":"if","locations":[{"start":{"line":14,"column":4},"end":{"line":18,"column":5}},{"start":{},"end":{}}],"line":14}},"s":{"0":4,"1":4,"2":4,"3":7,"4":7,"5":7,"6":7,"7":7,"8":7,"9":2,"10":5,"11":5,"12":2,"13":4},"f":{"0":7},"b":{"0":[2,5]},"_coverageSchema":"1a1c01bbd47fc00a2c39e90264f33305004495a9","hash":"7de43fd433e1e808a69f79388e9fdcaebe7a5ac5"}
,"D:\\Hacktiv8\\Phase3\\Final_Project\\LaundFazzBE\\services\\app\\middlewares\\customerAuthz.js": {"path":"D:\\Hacktiv8\\Phase3\\Final_Project\\LaundFazzBE\\services\\app\\middlewares\\customerAuthz.js","statementMap":{"0":{"start":{"line":1,"column":21},"end":{"line":1,"column":41}},"1":{"start":{"line":3,"column":22},"end":{"line":20,"column":1}},"2":{"start":{"line":4,"column":2},"end":{"line":19,"column":3}},"3":{"start":{"line":5,"column":27},"end":{"line":5,"column":39}},"4":{"start":{"line":7,"column":17},"end":{"line":7,"column":52}},"5":{"start":{"line":8,"column":4},"end":{"line":10,"column":5}},"6":{"start":{"line":9,"column":6},"end":{"line":9,"column":45}},"7":{"start":{"line":12,"column":4},"end":{"line":14,"column":5}},"8":{"start":{"line":13,"column":6},"end":{"line":13,"column":44}},"9":{"start":{"line":16,"column":4},"end":{"line":16,"column":11}},"10":{"start":{"line":18,"column":4},"end":{"line":18,"column":16}},"11":{"start":{"line":22,"column":0},"end":{"line":22,"column":31}}},"fnMap":{"0":{"name":"(anonymous_0)","decl":{"start":{"line":3,"column":22},"end":{"line":3,"column":23}},"loc":{"start":{"line":3,"column":48},"end":{"line":20,"column":1}},"line":3}},"branchMap":{"0":{"loc":{"start":{"line":8,"column":4},"end":{"line":10,"column":5}},"type":"if","locations":[{"start":{"line":8,"column":4},"end":{"line":10,"column":5}},{"start":{},"end":{}}],"line":8},"1":{"loc":{"start":{"line":12,"column":4},"end":{"line":14,"column":5}},"type":"if","locations":[{"start":{"line":12,"column":4},"end":{"line":14,"column":5}},{"start":{},"end":{}}],"line":12}},"s":{"0":4,"1":4,"2":1,"3":1,"4":1,"5":1,"6":0,"7":1,"8":0,"9":1,"10":0,"11":4},"f":{"0":1},"b":{"0":[0,1],"1":[0,1]},"_coverageSchema":"1a1c01bbd47fc00a2c39e90264f33305004495a9","hash":"d3d4d0438efa8a1ab967af5b147226a3e312f027"}
,"D:\\Hacktiv8\\Phase3\\Final_Project\\LaundFazzBE\\services\\app\\middlewares\\errorHandler.js": {"path":"D:\\Hacktiv8\\Phase3\\Final_Project\\LaundFazzBE\\services\\app\\middlewares\\errorHandler.js","statementMap":{"0":{"start":{"line":2,"column":2},"end":{"line":2,"column":46}},"1":{"start":{"line":4,"column":15},"end":{"line":4,"column":17}},"2":{"start":{"line":5,"column":2},"end":{"line":74,"column":3}},"3":{"start":{"line":7,"column":6},"end":{"line":9,"column":9}},"4":{"start":{"line":8,"column":8},"end":{"line":8,"column":31}},"5":{"start":{"line":10,"column":6},"end":{"line":10,"column":46}},"6":{"start":{"line":11,"column":6},"end":{"line":11,"column":18}},"7":{"start":{"line":12,"column":6},"end":{"line":12,"column":12}},"8":{"start":{"line":14,"column":6},"end":{"line":16,"column":9}},"9":{"start":{"line":15,"column":8},"end":{"line":15,"column":31}},"10":{"start":{"line":17,"column":6},"end":{"line":17,"column":46}},"11":{"start":{"line":18,"column":6},"end":{"line":18,"column":18}},"12":{"start":{"line":19,"column":6},"end":{"line":19,"column":12}},"13":{"start":{"line":21,"column":6},"end":{"line":21,"column":55}},"14":{"start":{"line":22,"column":6},"end":{"line":22,"column":12}},"15":{"start":{"line":24,"column":6},"end":{"line":24,"column":55}},"16":{"start":{"line":25,"column":6},"end":{"line":25,"column":12}},"17":{"start":{"line":27,"column":6},"end":{"line":27,"column":67}},"18":{"start":{"line":28,"column":6},"end":{"line":28,"column":12}},"19":{"start":{"line":30,"column":6},"end":{"line":30,"column":64}},"20":{"start":{"line":31,"column":6},"end":{"line":31,"column":12}},"21":{"start":{"line":33,"column":6},"end":{"line":33,"column":74}},"22":{"start":{"line":34,"column":6},"end":{"line":34,"column":12}},"23":{"start":{"line":36,"column":6},"end":{"line":36,"column":74}},"24":{"start":{"line":37,"column":6},"end":{"line":37,"column":12}},"25":{"start":{"line":39,"column":6},"end":{"line":39,"column":74}},"26":{"start":{"line":40,"column":6},"end":{"line":40,"column":12}},"27":{"start":{"line":42,"column":6},"end":{"line":42,"column":60}},"28":{"start":{"line":43,"column":6},"end":{"line":43,"column":12}},"29":{"start":{"line":45,"column":6},"end":{"line":45,"column":57}},"30":{"start":{"line":46,"column":6},"end":{"line":46,"column":12}},"31":{"start":{"line":48,"column":6},"end":{"line":48,"column":71}},"32":{"start":{"line":49,"column":6},"end":{"line":49,"column":12}},"33":{"start":{"line":51,"column":6},"end":{"line":51,"column":59}},"34":{"start":{"line":52,"column":6},"end":{"line":52,"column":12}},"35":{"start":{"line":54,"column":6},"end":{"line":54,"column":63}},"36":{"start":{"line":55,"column":6},"end":{"line":55,"column":12}},"37":{"start":{"line":57,"column":6},"end":{"line":57,"column":74}},"38":{"start":{"line":58,"column":6},"end":{"line":58,"column":12}},"39":{"start":{"line":60,"column":6},"end":{"line":60,"column":72}},"40":{"start":{"line":61,"column":6},"end":{"line":61,"column":12}},"41":{"start":{"line":63,"column":6},"end":{"line":63,"column":71}},"42":{"start":{"line":64,"column":6},"end":{"line":64,"column":12}},"43":{"start":{"line":66,"column":6},"end":{"line":66,"column":72}},"44":{"start":{"line":67,"column":6},"end":{"line":67,"column":12}},"45":{"start":{"line":69,"column":6},"end":{"line":69,"column":76}},"46":{"start":{"line":70,"column":6},"end":{"line":70,"column":12}},"47":{"start":{"line":72,"column":6},"end":{"line":72,"column":63}},"48":{"start":{"line":73,"column":6},"end":{"line":73,"column":12}},"49":{"start":{"line":77,"column":0},"end":{"line":77,"column":30}}},"fnMap":{"0":{"name":"errorHandler","decl":{"start":{"line":1,"column":9},"end":{"line":1,"column":21}},"loc":{"start":{"line":1,"column":43},"end":{"line":75,"column":1}},"line":1},"1":{"name":"(anonymous_1)","decl":{"start":{"line":7,"column":25},"end":{"line":7,"column":26}},"loc":{"start":{"line":7,"column":32},"end":{"line":9,"column":7}},"line":7},"2":{"name":"(anonymous_2)","decl":{"start":{"line":14,"column":25},"end":{"line":14,"column":26}},"loc":{"start":{"line":14,"column":32},"end":{"line":16,"column":7}},"line":14}},"branchMap":{"0":{"loc":{"start":{"line":5,"column":2},"end":{"line":74,"column":3}},"type":"switch","locations":[{"start":{"line":6,"column":4},"end":{"line":12,"column":12}},{"start":{"line":13,"column":4},"end":{"line":19,"column":12}},{"start":{"line":20,"column":4},"end":{"line":22,"column":12}},{"start":{"line":23,"column":4},"end":{"line":25,"column":12}},{"start":{"line":26,"column":4},"end":{"line":28,"column":12}},{"start":{"line":29,"column":4},"end":{"line":31,"column":12}},{"start":{"line":32,"column":4},"end":{"line":34,"column":12}},{"start":{"line":35,"column":4},"end":{"line":37,"column":12}},{"start":{"line":38,"column":4},"end":{"line":40,"column":12}},{"start":{"line":41,"column":4},"end":{"line":43,"column":12}},{"start":{"line":44,"column":4},"end":{"line":46,"column":12}},{"start":{"line":47,"column":4},"end":{"line":49,"column":12}},{"start":{"line":50,"column":4},"end":{"line":52,"column":12}},{"start":{"line":53,"column":4},"end":{"line":55,"column":12}},{"start":{"line":56,"column":4},"end":{"line":58,"column":12}},{"start":{"line":59,"column":4},"end":{"line":61,"column":12}},{"start":{"line":62,"column":4},"end":{"line":64,"column":12}},{"start":{"line":65,"column":4},"end":{"line":67,"column":12}},{"start":{"line":68,"column":4},"end":{"line":70,"column":12}},{"start":{"line":71,"column":4},"end":{"line":73,"column":12}}],"line":5}},"s":{"0":25,"1":25,"2":25,"3":6,"4":6,"5":6,"6":6,"7":6,"8":2,"9":2,"10":2,"11":2,"12":2,"13":1,"14":1,"15":0,"16":0,"17":2,"18":2,"19":3,"20":3,"21":0,"22":0,"23":0,"24":0,"25":0,"26":0,"27":0,"28":0,"29":0,"30":0,"31":0,"32":0,"33":0,"34":0,"35":0,"36":0,"37":2,"38":2,"39":0,"40":0,"41":2,"42":2,"43":2,"44":2,"45":1,"46":1,"47":4,"48":4,"49":4},"f":{"0":25,"1":6,"2":2},"b":{"0":[6,2,1,0,2,3,0,0,0,0,0,0,0,0,2,0,2,2,1,4]},"_coverageSchema":"1a1c01bbd47fc00a2c39e90264f33305004495a9","hash":"fbc8660e91b2848af92a6b6c148b671443b8e760"}
,"D:\\Hacktiv8\\Phase3\\Final_Project\\LaundFazzBE\\services\\app\\middlewares\\staffAuthc.js": {"path":"D:\\Hacktiv8\\Phase3\\Final_Project\\LaundFazzBE\\services\\app\\middlewares\\staffAuthc.js","statementMap":{"0":{"start":{"line":1,"column":24},"end":{"line":1,"column":49}},"1":{"start":{"line":2,"column":18},"end":{"line":2,"column":38}},"2":{"start":{"line":4,"column":21},"end":{"line":26,"column":1}},"3":{"start":{"line":5,"column":2},"end":{"line":25,"column":3}},"4":{"start":{"line":6,"column":29},"end":{"line":6,"column":40}},"5":{"start":{"line":7,"column":20},"end":{"line":7,"column":45}},"6":{"start":{"line":9,"column":18},"end":{"line":9,"column":55}},"7":{"start":{"line":11,"column":4},"end":{"line":15,"column":5}},"8":{"start":{"line":12,"column":6},"end":{"line":14,"column":8}},"9":{"start":{"line":17,"column":4},"end":{"line":20,"column":6}},"10":{"start":{"line":22,"column":4},"end":{"line":22,"column":11}},"11":{"start":{"line":24,"column":4},"end":{"line":24,"column":16}},"12":{"start":{"line":28,"column":0},"end":{"line":28,"column":32}}},"fnMap":{"0":{"name":"(anonymous_0)","decl":{"start":{"line":4,"column":21},"end":{"line":4,"column":22}},"loc":{"start":{"line":4,"column":47},"end":{"line":26,"column":1}},"line":4}},"branchMap":{"0":{"loc":{"start":{"line":11,"column":4},"end":{"line":15,"column":5}},"type":"if","locations":[{"start":{"line":11,"column":4},"end":{"line":15,"column":5}},{"start":{},"end":{}}],"line":11}},"s":{"0":4,"1":4,"2":4,"3":5,"4":5,"5":5,"6":4,"7":4,"8":3,"9":1,"10":1,"11":4,"12":4},"f":{"0":5},"b":{"0":[3,1]},"_coverageSchema":"1a1c01bbd47fc00a2c39e90264f33305004495a9","hash":"f57967efa32c91248a396bed2ea9d0f21a228250"}
,"D:\\Hacktiv8\\Phase3\\Final_Project\\LaundFazzBE\\services\\app\\middlewares\\staffAuthz.js": {"path":"D:\\Hacktiv8\\Phase3\\Final_Project\\LaundFazzBE\\services\\app\\middlewares\\staffAuthz.js","statementMap":{"0":{"start":{"line":1,"column":18},"end":{"line":1,"column":38}},"1":{"start":{"line":3,"column":22},"end":{"line":20,"column":1}},"2":{"start":{"line":4,"column":2},"end":{"line":19,"column":3}},"3":{"start":{"line":5,"column":24},"end":{"line":5,"column":33}},"4":{"start":{"line":7,"column":17},"end":{"line":7,"column":46}},"5":{"start":{"line":8,"column":4},"end":{"line":10,"column":5}},"6":{"start":{"line":9,"column":6},"end":{"line":9,"column":42}},"7":{"start":{"line":12,"column":4},"end":{"line":14,"column":5}},"8":{"start":{"line":13,"column":6},"end":{"line":13,"column":41}},"9":{"start":{"line":16,"column":4},"end":{"line":16,"column":11}},"10":{"start":{"line":18,"column":4},"end":{"line":18,"column":16}},"11":{"start":{"line":22,"column":0},"end":{"line":22,"column":31}}},"fnMap":{"0":{"name":"(anonymous_0)","decl":{"start":{"line":3,"column":22},"end":{"line":3,"column":23}},"loc":{"start":{"line":3,"column":48},"end":{"line":20,"column":1}},"line":3}},"branchMap":{"0":{"loc":{"start":{"line":8,"column":4},"end":{"line":10,"column":5}},"type":"if","locations":[{"start":{"line":8,"column":4},"end":{"line":10,"column":5}},{"start":{},"end":{}}],"line":8},"1":{"loc":{"start":{"line":12,"column":4},"end":{"line":14,"column":5}},"type":"if","locations":[{"start":{"line":12,"column":4},"end":{"line":14,"column":5}},{"start":{},"end":{}}],"line":12}},"s":{"0":4,"1":4,"2":0,"3":0,"4":0,"5":0,"6":0,"7":0,"8":0,"9":0,"10":0,"11":4},"f":{"0":0},"b":{"0":[0,0],"1":[0,0]},"_coverageSchema":"1a1c01bbd47fc00a2c39e90264f33305004495a9","hash":"0b0e54debbcd70515863463386a545d78964ebf2"}
,"D:\\Hacktiv8\\Phase3\\Final_Project\\LaundFazzBE\\services\\app\\models\\customer.js": {"path":"D:\\Hacktiv8\\Phase3\\Final_Project\\LaundFazzBE\\services\\app\\models\\customer.js","statementMap":{"0":{"start":{"line":2,"column":17},"end":{"line":2,"column":45}},"1":{"start":{"line":3,"column":18},"end":{"line":3,"column":38}},"2":{"start":{"line":4,"column":0},"end":{"line":68,"column":2}},"3":{"start":{"line":13,"column":6},"end":{"line":13,"column":43}},"4":{"start":{"line":16,"column":2},"end":{"line":66,"column":4}},"5":{"start":{"line":60,"column":10},"end":{"line":60,"column":54}},"6":{"start":{"line":67,"column":2},"end":{"line":67,"column":18}}},"fnMap":{"0":{"name":"(anonymous_0)","decl":{"start":{"line":4,"column":17},"end":{"line":4,"column":18}},"loc":{"start":{"line":4,"column":43},"end":{"line":68,"column":1}},"line":4},"1":{"name":"(anonymous_1)","decl":{"start":{"line":11,"column":4},"end":{"line":11,"column":5}},"loc":{"start":{"line":11,"column":29},"end":{"line":14,"column":5}},"line":11},"2":{"name":"(anonymous_2)","decl":{"start":{"line":59,"column":22},"end":{"line":59,"column":23}},"loc":{"start":{"line":59,"column":36},"end":{"line":61,"column":9}},"line":59}},"branchMap":{},"s":{"0":4,"1":4,"2":4,"3":4,"4":4,"5":2,"6":4},"f":{"0":4,"1":4,"2":2},"b":{},"_coverageSchema":"1a1c01bbd47fc00a2c39e90264f33305004495a9","hash":"a91fa195e3e233da40ecb3c1b6779117864fb885"}
,"D:\\Hacktiv8\\Phase3\\Final_Project\\LaundFazzBE\\services\\app\\models\\index.js": {"path":"D:\\Hacktiv8\\Phase3\\Final_Project\\LaundFazzBE\\services\\app\\models\\index.js","statementMap":{"0":{"start":{"line":3,"column":11},"end":{"line":3,"column":24}},"1":{"start":{"line":4,"column":13},"end":{"line":4,"column":28}},"2":{"start":{"line":5,"column":18},"end":{"line":5,"column":38}},"3":{"start":{"line":6,"column":17},"end":{"line":6,"column":42}},"4":{"start":{"line":7,"column":12},"end":{"line":7,"column":49}},"5":{"start":{"line":8,"column":15},"end":{"line":8,"column":65}},"6":{"start":{"line":9,"column":11},"end":{"line":9,"column":13}},"7":{"start":{"line":12,"column":0},"end":{"line":16,"column":1}},"8":{"start":{"line":13,"column":2},"end":{"line":13,"column":74}},"9":{"start":{"line":15,"column":2},"end":{"line":15,"column":87}},"10":{"start":{"line":18,"column":0},"end":{"line":26,"column":5}},"11":{"start":{"line":21,"column":4},"end":{"line":21,"column":90}},"12":{"start":{"line":24,"column":18},"end":{"line":24,"column":85}},"13":{"start":{"line":25,"column":4},"end":{"line":25,"column":27}},"14":{"start":{"line":28,"column":0},"end":{"line":32,"column":3}},"15":{"start":{"line":29,"column":2},"end":{"line":31,"column":3}},"16":{"start":{"line":30,"column":4},"end":{"line":30,"column":32}},"17":{"start":{"line":34,"column":0},"end":{"line":34,"column":25}},"18":{"start":{"line":35,"column":0},"end":{"line":35,"column":25}},"19":{"start":{"line":37,"column":0},"end":{"line":37,"column":20}}},"fnMap":{"0":{"name":"(anonymous_0)","decl":{"start":{"line":20,"column":10},"end":{"line":20,"column":11}},"loc":{"start":{"line":20,"column":18},"end":{"line":22,"column":3}},"line":20},"1":{"name":"(anonymous_1)","decl":{"start":{"line":23,"column":11},"end":{"line":23,"column":12}},"loc":{"start":{"line":23,"column":19},"end":{"line":26,"column":3}},"line":23},"2":{"name":"(anonymous_2)","decl":{"start":{"line":28,"column":24},"end":{"line":28,"column":25}},"loc":{"start":{"line":28,"column":37},"end":{"line":32,"column":1}},"line":28}},"branchMap":{"0":{"loc":{"start":{"line":7,"column":12},"end":{"line":7,"column":49}},"type":"binary-expr","locations":[{"start":{"line":7,"column":12},"end":{"line":7,"column":32}},{"start":{"line":7,"column":36},"end":{"line":7,"column":49}}],"line":7},"1":{"loc":{"start":{"line":12,"column":0},"end":{"line":16,"column":1}},"type":"if","locations":[{"start":{"line":12,"column":0},"end":{"line":16,"column":1}},{"start":{"line":14,"column":7},"end":{"line":16,"column":1}}],"line":12},"2":{"loc":{"start":{"line":21,"column":11},"end":{"line":21,"column":89}},"type":"binary-expr","locations":[{"start":{"line":21,"column":12},"end":{"line":21,"column":35}},{"start":{"line":21,"column":41},"end":{"line":21,"column":58}},{"start":{"line":21,"column":64},"end":{"line":21,"column":88}}],"line":21},"3":{"loc":{"start":{"line":29,"column":2},"end":{"line":31,"column":3}},"type":"if","locations":[{"start":{"line":29,"column":2},"end":{"line":31,"column":3}},{"start":{},"end":{}}],"line":29}},"s":{"0":4,"1":4,"2":4,"3":4,"4":4,"5":4,"6":4,"7":4,"8":0,"9":4,"10":4,"11":24,"12":20,"13":20,"14":4,"15":20,"16":20,"17":4,"18":4,"19":4},"f":{"0":24,"1":20,"2":20},"b":{"0":[4,0],"1":[0,4],"2":[24,24,20],"3":[20,0]},"_coverageSchema":"1a1c01bbd47fc00a2c39e90264f33305004495a9","hash":"ba86d4e50e46c18331efdc85e67975278cfeb1df"}
,"D:\\Hacktiv8\\Phase3\\Final_Project\\LaundFazzBE\\services\\app\\models\\product.js": {"path":"D:\\Hacktiv8\\Phase3\\Final_Project\\LaundFazzBE\\services\\app\\models\\product.js","statementMap":{"0":{"start":{"line":4,"column":4},"end":{"line":4,"column":24}},"1":{"start":{"line":5,"column":0},"end":{"line":25,"column":2}},"2":{"start":{"line":14,"column":6},"end":{"line":14,"column":110}},"3":{"start":{"line":17,"column":2},"end":{"line":23,"column":5}},"4":{"start":{"line":24,"column":2},"end":{"line":24,"column":17}}},"fnMap":{"0":{"name":"(anonymous_0)","decl":{"start":{"line":5,"column":17},"end":{"line":5,"column":18}},"loc":{"start":{"line":5,"column":43},"end":{"line":25,"column":1}},"line":5},"1":{"name":"(anonymous_1)","decl":{"start":{"line":12,"column":4},"end":{"line":12,"column":5}},"loc":{"start":{"line":12,"column":29},"end":{"line":15,"column":5}},"line":12}},"branchMap":{},"s":{"0":4,"1":4,"2":4,"3":4,"4":4},"f":{"0":4,"1":4},"b":{},"_coverageSchema":"1a1c01bbd47fc00a2c39e90264f33305004495a9","hash":"2acfbc64352f25ca73a5c6f78b6ca1d3a27969aa"}
,"D:\\Hacktiv8\\Phase3\\Final_Project\\LaundFazzBE\\services\\app\\models\\staff.js": {"path":"D:\\Hacktiv8\\Phase3\\Final_Project\\LaundFazzBE\\services\\app\\models\\staff.js","statementMap":{"0":{"start":{"line":2,"column":17},"end":{"line":2,"column":45}},"1":{"start":{"line":3,"column":18},"end":{"line":3,"column":38}},"2":{"start":{"line":4,"column":0},"end":{"line":54,"column":2}},"3":{"start":{"line":13,"column":6},"end":{"line":13,"column":40}},"4":{"start":{"line":16,"column":2},"end":{"line":52,"column":4}},"5":{"start":{"line":46,"column":10},"end":{"line":46,"column":48}},"6":{"start":{"line":53,"column":2},"end":{"line":53,"column":15}}},"fnMap":{"0":{"name":"(anonymous_0)","decl":{"start":{"line":4,"column":17},"end":{"line":4,"column":18}},"loc":{"start":{"line":4,"column":43},"end":{"line":54,"column":1}},"line":4},"1":{"name":"(anonymous_1)","decl":{"start":{"line":11,"column":4},"end":{"line":11,"column":5}},"loc":{"start":{"line":11,"column":29},"end":{"line":14,"column":5}},"line":11},"2":{"name":"(anonymous_2)","decl":{"start":{"line":45,"column":22},"end":{"line":45,"column":23}},"loc":{"start":{"line":45,"column":33},"end":{"line":47,"column":9}},"line":45}},"branchMap":{},"s":{"0":4,"1":4,"2":4,"3":4,"4":4,"5":2,"6":4},"f":{"0":4,"1":4,"2":2},"b":{},"_coverageSchema":"1a1c01bbd47fc00a2c39e90264f33305004495a9","hash":"40767b7ad0b5ba723baa20e599c6bca91dfd6a8e"}
,"D:\\Hacktiv8\\Phase3\\Final_Project\\LaundFazzBE\\services\\app\\models\\transaction.js": {"path":"D:\\Hacktiv8\\Phase3\\Final_Project\\LaundFazzBE\\services\\app\\models\\transaction.js","statementMap":{"0":{"start":{"line":2,"column":18},"end":{"line":2,"column":38}},"1":{"start":{"line":3,"column":0},"end":{"line":50,"column":2}},"2":{"start":{"line":12,"column":6},"end":{"line":12,"column":45}},"3":{"start":{"line":13,"column":6},"end":{"line":13,"column":42}},"4":{"start":{"line":14,"column":6},"end":{"line":17,"column":9}},"5":{"start":{"line":20,"column":2},"end":{"line":48,"column":4}},"6":{"start":{"line":49,"column":2},"end":{"line":49,"column":21}}},"fnMap":{"0":{"name":"(anonymous_0)","decl":{"start":{"line":3,"column":17},"end":{"line":3,"column":18}},"loc":{"start":{"line":3,"column":43},"end":{"line":50,"column":1}},"line":3},"1":{"name":"(anonymous_1)","decl":{"start":{"line":10,"column":4},"end":{"line":10,"column":5}},"loc":{"start":{"line":10,"column":29},"end":{"line":18,"column":5}},"line":10}},"branchMap":{},"s":{"0":4,"1":4,"2":4,"3":4,"4":4,"5":4,"6":4},"f":{"0":4,"1":4},"b":{},"_coverageSchema":"1a1c01bbd47fc00a2c39e90264f33305004495a9","hash":"49f5477506e2b7bd4898bf7af4a50653d7c6602f"}
,"D:\\Hacktiv8\\Phase3\\Final_Project\\LaundFazzBE\\services\\app\\models\\transactionproduct.js": {"path":"D:\\Hacktiv8\\Phase3\\Final_Project\\LaundFazzBE\\services\\app\\models\\transactionproduct.js","statementMap":{"0":{"start":{"line":2,"column":18},"end":{"line":2,"column":38}},"1":{"start":{"line":3,"column":0},"end":{"line":35,"column":2}},"2":{"start":{"line":12,"column":6},"end":{"line":14,"column":9}},"3":{"start":{"line":15,"column":6},"end":{"line":15,"column":80}},"4":{"start":{"line":18,"column":2},"end":{"line":33,"column":4}},"5":{"start":{"line":34,"column":2},"end":{"line":34,"column":28}}},"fnMap":{"0":{"name":"(anonymous_0)","decl":{"start":{"line":3,"column":17},"end":{"line":3,"column":18}},"loc":{"start":{"line":3,"column":43},"end":{"line":35,"column":1}},"line":3},"1":{"name":"(anonymous_1)","decl":{"start":{"line":10,"column":4},"end":{"line":10,"column":5}},"loc":{"start":{"line":10,"column":29},"end":{"line":16,"column":5}},"line":10}},"branchMap":{},"s":{"0":4,"1":4,"2":4,"3":4,"4":4,"5":4},"f":{"0":4,"1":4},"b":{},"_coverageSchema":"1a1c01bbd47fc00a2c39e90264f33305004495a9","hash":"8d8da0ee0f60a31122612adac1c7041e7fa1b630"}
,"D:\\Hacktiv8\\Phase3\\Final_Project\\LaundFazzBE\\services\\app\\routes\\customerTransactions.js": {"path":"D:\\Hacktiv8\\Phase3\\Final_Project\\LaundFazzBE\\services\\app\\routes\\customerTransactions.js","statementMap":{"0":{"start":{"line":1,"column":16},"end":{"line":1,"column":34}},"1":{"start":{"line":2,"column":15},"end":{"line":2,"column":31}},"2":{"start":{"line":3,"column":19},"end":{"line":3,"column":56}},"3":{"start":{"line":4,"column":22},"end":{"line":4,"column":68}},"4":{"start":{"line":6,"column":0},"end":{"line":6,"column":48}},"5":{"start":{"line":7,"column":0},"end":{"line":7,"column":44}},"6":{"start":{"line":8,"column":0},"end":{"line":8,"column":76}},"7":{"start":{"line":10,"column":0},"end":{"line":10,"column":24}}},"fnMap":{},"branchMap":{},"s":{"0":4,"1":4,"2":4,"3":4,"4":4,"5":4,"6":4,"7":4},"f":{},"b":{},"_coverageSchema":"1a1c01bbd47fc00a2c39e90264f33305004495a9","hash":"ce02415914bdc342eb00bcb705dc59e04a011d9f"}
,"D:\\Hacktiv8\\Phase3\\Final_Project\\LaundFazzBE\\services\\app\\routes\\customers.js": {"path":"D:\\Hacktiv8\\Phase3\\Final_Project\\LaundFazzBE\\services\\app\\routes\\customers.js","statementMap":{"0":{"start":{"line":1,"column":16},"end":{"line":1,"column":34}},"1":{"start":{"line":2,"column":15},"end":{"line":2,"column":31}},"2":{"start":{"line":3,"column":23},"end":{"line":3,"column":62}},"3":{"start":{"line":4,"column":22},"end":{"line":4,"column":61}},"4":{"start":{"line":5,"column":19},"end":{"line":5,"column":54}},"5":{"start":{"line":6,"column":21},"end":{"line":6,"column":54}},"6":{"start":{"line":8,"column":0},"end":{"line":8,"column":46}},"7":{"start":{"line":9,"column":0},"end":{"line":9,"column":40}},"8":{"start":{"line":11,"column":0},"end":{"line":11,"column":27}},"9":{"start":{"line":12,"column":0},"end":{"line":12,"column":51}},"10":{"start":{"line":14,"column":0},"end":{"line":14,"column":42}},"11":{"start":{"line":16,"column":0},"end":{"line":16,"column":24}}},"fnMap":{},"branchMap":{},"s":{"0":4,"1":4,"2":4,"3":4,"4":4,"5":4,"6":4,"7":4,"8":4,"9":4,"10":4,"11":4},"f":{},"b":{},"_coverageSchema":"1a1c01bbd47fc00a2c39e90264f33305004495a9","hash":"3db5d81491e0f6d352b76bdc6df25bb3e0ef3978"}
,"D:\\Hacktiv8\\Phase3\\Final_Project\\LaundFazzBE\\services\\app\\routes\\index.js": {"path":"D:\\Hacktiv8\\Phase3\\Final_Project\\LaundFazzBE\\services\\app\\routes\\index.js","statementMap":{"0":{"start":{"line":1,"column":16},"end":{"line":1,"column":34}},"1":{"start":{"line":2,"column":15},"end":{"line":2,"column":31}},"2":{"start":{"line":3,"column":18},"end":{"line":3,"column":40}},"3":{"start":{"line":4,"column":15},"end":{"line":4,"column":34}},"4":{"start":{"line":5,"column":17},"end":{"line":5,"column":38}},"5":{"start":{"line":6,"column":28},"end":{"line":6,"column":60}},"6":{"start":{"line":7,"column":14},"end":{"line":7,"column":30}},"7":{"start":{"line":9,"column":0},"end":{"line":9,"column":36}},"8":{"start":{"line":10,"column":0},"end":{"line":10,"column":30}},"9":{"start":{"line":11,"column":0},"end":{"line":11,"column":34}},"10":{"start":{"line":12,"column":0},"end":{"line":12,"column":56}},"11":{"start":{"line":36,"column":0},"end":{"line":42,"column":3}},"12":{"start":{"line":37,"column":2},"end":{"line":41,"column":3}},"13":{"start":{"line":38,"column":4},"end":{"line":38,"column":35}},"14":{"start":{"line":40,"column":4},"end":{"line":40,"column":23}},"15":{"start":{"line":44,"column":0},"end":{"line":44,"column":24}}},"fnMap":{"0":{"name":"(anonymous_0)","decl":{"start":{"line":36,"column":31},"end":{"line":36,"column":32}},"loc":{"start":{"line":36,"column":57},"end":{"line":42,"column":1}},"line":36}},"branchMap":{},"s":{"0":4,"1":4,"2":4,"3":4,"4":4,"5":4,"6":4,"7":4,"8":4,"9":4,"10":4,"11":4,"12":0,"13":0,"14":0,"15":4},"f":{"0":0},"b":{},"_coverageSchema":"1a1c01bbd47fc00a2c39e90264f33305004495a9","hash":"b7f4cafd3c32c39f017ec21136ae39bd8ed2952e"}
,"D:\\Hacktiv8\\Phase3\\Final_Project\\LaundFazzBE\\services\\app\\routes\\products.js": {"path":"D:\\Hacktiv8\\Phase3\\Final_Project\\LaundFazzBE\\services\\app\\routes\\products.js","statementMap":{"0":{"start":{"line":1,"column":16},"end":{"line":1,"column":34}},"1":{"start":{"line":2,"column":15},"end":{"line":2,"column":31}},"2":{"start":{"line":3,"column":19},"end":{"line":3,"column":53}},"3":{"start":{"line":4,"column":23},"end":{"line":4,"column":59}},"4":{"start":{"line":6,"column":0},"end":{"line":6,"column":40}},"5":{"start":{"line":7,"column":0},"end":{"line":7,"column":56}},"6":{"start":{"line":8,"column":0},"end":{"line":8,"column":53}},"7":{"start":{"line":9,"column":0},"end":{"line":9,"column":66}},"8":{"start":{"line":10,"column":0},"end":{"line":10,"column":71}},"9":{"start":{"line":12,"column":0},"end":{"line":12,"column":24}}},"fnMap":{},"branchMap":{},"s":{"0":4,"1":4,"2":4,"3":4,"4":4,"5":4,"6":4,"7":4,"8":4,"9":4},"f":{},"b":{},"_coverageSchema":"1a1c01bbd47fc00a2c39e90264f33305004495a9","hash":"e3203a728ed90e7a57f8209a41c9548d4e9204f0"}
,"D:\\Hacktiv8\\Phase3\\Final_Project\\LaundFazzBE\\services\\app\\routes\\staffTransactions.js": {"path":"D:\\Hacktiv8\\Phase3\\Final_Project\\LaundFazzBE\\services\\app\\routes\\staffTransactions.js","statementMap":{"0":{"start":{"line":1,"column":16},"end":{"line":1,"column":34}},"1":{"start":{"line":2,"column":15},"end":{"line":2,"column":31}},"2":{"start":{"line":3,"column":19},"end":{"line":3,"column":56}},"3":{"start":{"line":5,"column":0},"end":{"line":5,"column":44}},"4":{"start":{"line":6,"column":0},"end":{"line":6,"column":61}},"5":{"start":{"line":7,"column":0},"end":{"line":7,"column":58}},"6":{"start":{"line":8,"column":0},"end":{"line":8,"column":63}},"7":{"start":{"line":10,"column":0},"end":{"line":10,"column":24}}},"fnMap":{},"branchMap":{},"s":{"0":4,"1":4,"2":4,"3":4,"4":4,"5":4,"6":4,"7":4},"f":{},"b":{},"_coverageSchema":"1a1c01bbd47fc00a2c39e90264f33305004495a9","hash":"5457e52e39e9706c40449cc2f30bc56812391866"}
,"D:\\Hacktiv8\\Phase3\\Final_Project\\LaundFazzBE\\services\\app\\routes\\staffs.js": {"path":"D:\\Hacktiv8\\Phase3\\Final_Project\\LaundFazzBE\\services\\app\\routes\\staffs.js","statementMap":{"0":{"start":{"line":1,"column":16},"end":{"line":1,"column":34}},"1":{"start":{"line":2,"column":15},"end":{"line":2,"column":31}},"2":{"start":{"line":3,"column":19},"end":{"line":3,"column":51}},"3":{"start":{"line":4,"column":22},"end":{"line":4,"column":58}},"4":{"start":{"line":5,"column":23},"end":{"line":5,"column":59}},"5":{"start":{"line":6,"column":21},"end":{"line":6,"column":51}},"6":{"start":{"line":8,"column":0},"end":{"line":8,"column":46}},"7":{"start":{"line":9,"column":0},"end":{"line":9,"column":40}},"8":{"start":{"line":10,"column":0},"end":{"line":10,"column":44}},"9":{"start":{"line":12,"column":0},"end":{"line":12,"column":27}},"10":{"start":{"line":14,"column":0},"end":{"line":14,"column":41}},"11":{"start":{"line":15,"column":0},"end":{"line":15,"column":42}},"12":{"start":{"line":17,"column":0},"end":{"line":17,"column":24}}},"fnMap":{},"branchMap":{},"s":{"0":4,"1":4,"2":4,"3":4,"4":4,"5":4,"6":4,"7":4,"8":4,"9":4,"10":4,"11":4,"12":4},"f":{},"b":{},"_coverageSchema":"1a1c01bbd47fc00a2c39e90264f33305004495a9","hash":"3da86739a556425b8e1d03d61f030ace4948be03"}
,"D:\\Hacktiv8\\Phase3\\Final_Project\\LaundFazzBE\\services\\app\\routes\\transactionProducts.js": {"path":"D:\\Hacktiv8\\Phase3\\Final_Project\\LaundFazzBE\\services\\app\\routes\\transactionProducts.js","statementMap":{"0":{"start":{"line":1,"column":16},"end":{"line":1,"column":34}},"1":{"start":{"line":2,"column":15},"end":{"line":2,"column":31}},"2":{"start":{"line":3,"column":19},"end":{"line":3,"column":64}},"3":{"start":{"line":4,"column":23},"end":{"line":4,"column":59}},"4":{"start":{"line":6,"column":0},"end":{"line":6,"column":27}},"5":{"start":{"line":7,"column":0},"end":{"line":7,"column":51}},"6":{"start":{"line":8,"column":0},"end":{"line":8,"column":51}},"7":{"start":{"line":9,"column":0},"end":{"line":9,"column":59}},"8":{"start":{"line":10,"column":0},"end":{"line":10,"column":61}},"9":{"start":{"line":12,"column":0},"end":{"line":12,"column":24}}},"fnMap":{},"branchMap":{},"s":{"0":4,"1":4,"2":4,"3":4,"4":4,"5":4,"6":4,"7":4,"8":4,"9":4},"f":{},"b":{},"_coverageSchema":"1a1c01bbd47fc00a2c39e90264f33305004495a9","hash":"3cee9a8c7894613b6f9c2fa1e44a284804a5125d"}
}
