TN:
SF:app.js
FN:31,(anonymous_0)
FN:33,(anonymous_1)
FN:38,(anonymous_2)
FN:42,(anonymous_3)
FNF:4
FNH:0
FNDA:0,(anonymous_0)
FNDA:0,(anonymous_1)
FNDA:0,(anonymous_2)
FNDA:0,(anonymous_3)
DA:1,5
DA:2,0
DA:4,5
DA:5,5
DA:6,5
DA:7,5
DA:8,5
DA:11,5
DA:12,5
DA:13,5
DA:15,5
DA:16,5
DA:17,5
DA:19,5
DA:21,5
DA:30,5
DA:31,5
DA:32,0
DA:33,0
DA:34,0
DA:35,0
DA:38,0
DA:39,0
DA:40,0
DA:42,0
DA:44,0
DA:45,0
DA:46,0
DA:47,0
DA:48,0
DA:58,5
DA:60,5
DA:62,5
LF:33
LH:19
BRDA:1,0,0,0
BRDA:1,0,1,5
BRF:2
BRH:1
end_of_record
TN:
SF:controllers\customers.js
FN:11,(anonymous_0)
FN:69,(anonymous_1)
FN:109,(anonymous_2)
FNF:3
FNH:3
FNDA:5,(anonymous_0)
FNDA:4,(anonymous_1)
FNDA:1,(anonymous_2)
DA:1,5
DA:3,5
DA:4,5
DA:8,5
DA:12,5
DA:13,5
DA:14,5
DA:15,5
DA:16,5
DA:60,1
DA:62,1
DA:64,4
DA:65,4
DA:70,4
DA:71,4
DA:72,4
DA:74,4
DA:76,3
DA:82,3
DA:83,2
DA:88,1
DA:90,1
DA:91,0
DA:96,1
DA:101,1
DA:103,1
DA:105,3
DA:110,1
DA:111,1
DA:112,1
DA:118,1
DA:119,0
DA:123,1
DA:125,0
DA:149,5
LF:35
LH:32
BRDA:74,0,0,1
BRDA:74,0,1,3
BRDA:74,1,0,4
BRDA:74,1,1,3
BRDA:82,2,0,2
BRDA:82,2,1,1
BRDA:90,3,0,0
BRDA:90,3,1,1
BRDA:118,4,0,0
BRDA:118,4,1,1
BRF:10
BRH:8
end_of_record
TN:
SF:controllers\products.js
FN:28,(anonymous_0)
FNF:1
FNH:1
FNDA:1,(anonymous_0)
DA:1,5
DA:5,5
DA:29,1
DA:30,1
DA:34,1
DA:36,0
DA:124,5
LF:7
LH:6
BRF:0
BRH:0
end_of_record
TN:
SF:controllers\staffs.js
FN:10,(anonymous_0)
FN:30,(anonymous_1)
FN:89,(anonymous_2)
FNF:3
FNH:2
FNDA:5,(anonymous_0)
FNDA:6,(anonymous_1)
FNDA:0,(anonymous_2)
DA:1,5
DA:2,5
DA:3,5
DA:7,5
DA:11,5
DA:12,5
DA:13,5
DA:14,5
DA:22,1
DA:23,1
DA:25,4
DA:26,4
DA:31,6
DA:32,6
DA:34,6
DA:36,3
DA:42,3
DA:43,1
DA:48,2
DA:50,2
DA:51,1
DA:56,1
DA:61,1
DA:63,1
DA:65,5
DA:90,0
DA:91,0
DA:92,0
DA:93,0
DA:102,0
DA:103,0
DA:104,0
DA:106,0
DA:130,5
LF:34
LH:26
BRDA:34,0,0,3
BRDA:34,0,1,3
BRDA:34,1,0,6
BRDA:34,1,1,4
BRDA:42,2,0,1
BRDA:42,2,1,2
BRDA:50,3,0,1
BRDA:50,3,1,1
BRF:8
BRH:8
end_of_record
TN:
SF:controllers\transaction.js
FN:9,(anonymous_0)
FN:25,(anonymous_1)
FN:51,(anonymous_2)
FN:72,(anonymous_3)
FN:92,(anonymous_4)
FN:143,(anonymous_5)
FNF:6
FNH:5
FNDA:3,(anonymous_0)
FNDA:4,(anonymous_1)
FNDA:1,(anonymous_2)
FNDA:1,(anonymous_3)
FNDA:3,(anonymous_4)
FNDA:0,(anonymous_5)
DA:1,5
DA:5,5
DA:6,5
DA:10,3
DA:11,3
DA:12,3
DA:13,3
DA:14,3
DA:15,3
DA:25,2
DA:26,4
DA:27,4
DA:28,4
DA:29,4
DA:30,4
DA:31,4
DA:34,2
DA:39,2
DA:40,1
DA:43,1
DA:44,1
DA:46,2
DA:47,2
DA:52,1
DA:53,1
DA:54,1
DA:66,1
DA:68,0
DA:73,1
DA:74,1
DA:75,1
DA:86,1
DA:88,0
DA:93,3
DA:94,3
DA:95,3
DA:96,3
DA:106,3
DA:107,1
DA:112,2
DA:113,0
DA:134,0
DA:136,2
DA:139,1
DA:144,0
DA:145,0
DA:155,0
DA:181,0
DA:183,0
DA:184,0
DA:187,0
DA:195,0
DA:196,0
DA:198,0
DA:199,0
DA:230,5
LF:56
LH:41
BRDA:39,0,0,1
BRDA:39,0,1,1
BRDA:106,1,0,1
BRDA:106,1,1,2
BRDA:112,2,0,0
BRDA:112,2,1,2
BRDA:183,3,0,0
BRDA:183,3,1,0
BRF:8
BRH:5
end_of_record
TN:
SF:controllers\transactionProducts.js
FN:9,(anonymous_0)
FN:29,(anonymous_1)
FN:51,(anonymous_2)
FNF:3
FNH:0
FNDA:0,(anonymous_0)
FNDA:0,(anonymous_1)
FNDA:0,(anonymous_2)
DA:1,5
DA:5,5
DA:6,5
DA:10,0
DA:11,0
DA:12,0
DA:13,0
DA:21,0
DA:22,0
DA:24,0
DA:25,0
DA:30,0
DA:31,0
DA:45,0
DA:47,0
DA:52,0
DA:53,0
DA:54,0
DA:71,0
DA:72,0
DA:76,0
DA:77,0
DA:79,0
DA:81,0
DA:112,5
LF:25
LH:4
BRDA:71,0,0,0
BRDA:71,0,1,0
BRDA:76,1,0,0
BRDA:76,1,1,0
BRF:4
BRH:0
end_of_record
TN:
SF:controllers\xendit.js
FN:5,(anonymous_0)
FNF:1
FNH:1
FNDA:1,(anonymous_0)
DA:1,5
DA:2,5
DA:6,1
DA:8,1
DA:51,1
DA:53,0
DA:58,5
LF:7
LH:6
BRF:0
BRH:0
end_of_record
TN:
SF:helpers\bcrypt.js
FN:3,hash
FN:7,compare
FNF:2
FNH:2
FNDA:7,hash
FNDA:3,compare
DA:1,5
DA:4,7
DA:8,3
DA:11,5
LF:4
LH:4
BRF:0
BRH:0
end_of_record
TN:
SF:helpers\jwt.js
FN:4,signToken
FN:8,verifyToken
FNF:2
FNH:2
FNDA:2,signToken
FNDA:16,verifyToken
DA:1,5
DA:2,5
DA:5,2
DA:9,16
DA:12,5
LF:5
LH:5
BRDA:2,0,0,5
BRDA:2,0,1,5
BRF:2
BRH:2
end_of_record
TN:
SF:helpers\nodemailer.js
FNF:0
FNH:0
DA:1,5
DA:2,5
DA:9,5
DA:11,5
DA:21,5
DA:23,5
LF:6
LH:6
BRF:0
BRH:0
end_of_record
TN:
SF:middlewares\customerAuthc.js
FN:4,(anonymous_0)
FNF:1
FNH:1
FNDA:11,(anonymous_0)
DA:1,5
DA:2,5
DA:4,5
DA:5,11
DA:6,11
DA:7,11
DA:8,10
DA:13,10
DA:14,10
DA:15,2
DA:20,8
DA:26,8
DA:28,3
DA:32,5
LF:14
LH:14
BRDA:14,0,0,2
BRDA:14,0,1,8
BRF:2
BRH:2
end_of_record
TN:
SF:middlewares\errorHandler.js
FN:1,errorHandler
FN:7,(anonymous_1)
FN:14,(anonymous_2)
FNF:3
FNH:3
FNDA:26,errorHandler
FNDA:6,(anonymous_1)
FNDA:2,(anonymous_2)
DA:2,26
DA:4,26
DA:5,26
DA:7,6
DA:8,6
DA:10,6
DA:11,6
DA:12,6
DA:14,2
DA:15,2
DA:17,2
DA:18,2
DA:19,2
DA:21,1
DA:22,1
DA:27,2
DA:28,2
DA:30,4
DA:31,4
DA:42,0
DA:43,0
DA:45,0
DA:46,0
DA:48,0
DA:49,0
DA:51,0
DA:52,0
DA:54,1
DA:55,1
DA:57,2
DA:58,2
DA:60,1
DA:61,1
DA:63,2
DA:64,2
DA:66,3
DA:67,3
DA:69,1
DA:70,1
DA:72,1
DA:73,1
DA:77,5
LF:42
LH:34
BRDA:5,0,0,6
BRDA:5,0,1,2
BRDA:5,0,2,1
BRDA:5,0,3,2
BRDA:5,0,4,4
BRDA:5,0,5,0
BRDA:5,0,6,0
BRDA:5,0,7,0
BRDA:5,0,8,0
BRDA:5,0,9,1
BRDA:5,0,10,2
BRDA:5,0,11,1
BRDA:5,0,12,2
BRDA:5,0,13,3
BRDA:5,0,14,1
BRDA:5,0,15,1
BRF:16
BRH:12
end_of_record
TN:
SF:middlewares\staffAuthc.js
FN:4,(anonymous_0)
FNF:1
FNH:1
FNDA:5,(anonymous_0)
DA:1,5
DA:2,5
DA:4,5
DA:5,5
DA:6,5
DA:7,5
DA:9,5
DA:11,5
DA:12,4
DA:17,1
DA:22,1
DA:24,4
DA:28,5
LF:13
LH:13
BRDA:11,0,0,4
BRDA:11,0,1,1
BRF:2
BRH:2
end_of_record
TN:
SF:middlewares\staffAuthz.js
FNF:0
FNH:0
LF:0
LH:0
BRF:0
BRH:0
end_of_record
TN:
SF:models\customer.js
FN:4,(anonymous_0)
FN:11,(anonymous_1)
FN:59,(anonymous_2)
FNF:3
FNH:3
FNDA:5,(anonymous_0)
FNDA:5,(anonymous_1)
FNDA:2,(anonymous_2)
DA:2,5
DA:3,5
DA:4,5
DA:13,5
DA:16,5
DA:60,2
DA:67,5
LF:7
LH:7
BRF:0
BRH:0
end_of_record
TN:
SF:models\index.js
FN:20,(anonymous_0)
FN:23,(anonymous_1)
FN:28,(anonymous_2)
FNF:3
FNH:3
FNDA:30,(anonymous_0)
FNDA:25,(anonymous_1)
FNDA:25,(anonymous_2)
DA:3,5
DA:4,5
DA:5,5
DA:6,5
DA:7,5
DA:8,5
DA:9,5
DA:12,5
DA:13,0
DA:15,5
DA:18,5
DA:21,30
DA:24,25
DA:25,25
DA:28,5
DA:29,25
DA:30,25
DA:34,5
DA:35,5
DA:37,5
LF:20
LH:19
BRDA:7,0,0,5
BRDA:7,0,1,0
BRDA:12,1,0,0
BRDA:12,1,1,5
BRDA:21,2,0,30
BRDA:21,2,1,30
BRDA:21,2,2,25
BRDA:29,3,0,25
BRDA:29,3,1,0
BRF:9
BRH:6
end_of_record
TN:
SF:models\product.js
FN:5,(anonymous_0)
FN:12,(anonymous_1)
FNF:2
FNH:2
FNDA:5,(anonymous_0)
FNDA:5,(anonymous_1)
DA:4,5
DA:5,5
DA:14,5
DA:17,5
DA:24,5
LF:5
LH:5
BRF:0
BRH:0
end_of_record
TN:
SF:models\staff.js
FN:4,(anonymous_0)
FN:11,(anonymous_1)
FN:45,(anonymous_2)
FNF:3
FNH:3
FNDA:5,(anonymous_0)
FNDA:5,(anonymous_1)
FNDA:2,(anonymous_2)
DA:2,5
DA:3,5
DA:4,5
DA:13,5
DA:16,5
DA:46,2
DA:53,5
LF:7
LH:7
BRF:0
BRH:0
end_of_record
TN:
SF:models\transaction.js
FN:3,(anonymous_0)
FN:10,(anonymous_1)
FNF:2
FNH:2
FNDA:5,(anonymous_0)
FNDA:5,(anonymous_1)
DA:2,5
DA:3,5
DA:12,5
DA:13,5
DA:14,5
DA:20,5
DA:49,5
LF:7
LH:7
BRF:0
BRH:0
end_of_record
TN:
SF:models\transactionproduct.js
FN:3,(anonymous_0)
FN:10,(anonymous_1)
FNF:2
FNH:2
FNDA:5,(anonymous_0)
FNDA:5,(anonymous_1)
DA:2,5
DA:3,5
DA:12,5
DA:15,5
DA:18,5
DA:34,5
LF:6
LH:6
BRF:0
BRH:0
end_of_record
TN:
SF:routes\customerTransactions.js
FNF:0
FNH:0
DA:1,5
DA:2,5
DA:3,5
DA:6,5
DA:7,5
DA:8,5
DA:12,5
LF:7
LH:7
BRF:0
BRH:0
end_of_record
TN:
SF:routes\customers.js
FNF:0
FNH:0
DA:1,5
DA:2,5
DA:3,5
DA:5,5
DA:6,5
DA:8,5
DA:9,5
DA:11,5
DA:13,5
DA:15,5
DA:17,5
LF:11
LH:11
BRF:0
BRH:0
end_of_record
TN:
SF:routes\index.js
FNF:0
FNH:0
DA:1,5
DA:2,5
DA:3,5
DA:4,5
DA:5,5
DA:6,5
DA:8,5
DA:10,5
DA:11,5
DA:12,5
DA:13,5
DA:14,5
DA:16,5
LF:13
LH:13
BRF:0
BRH:0
end_of_record
TN:
SF:routes\products.js
FNF:0
FNH:0
DA:1,5
DA:2,5
DA:3,5
DA:4,5
DA:6,5
DA:12,5
LF:6
LH:6
BRF:0
BRH:0
end_of_record
TN:
SF:routes\staffTransactions.js
FNF:0
FNH:0
DA:1,5
DA:2,5
DA:3,5
DA:5,5
DA:6,5
DA:7,5
DA:10,5
LF:7
LH:7
BRF:0
BRH:0
end_of_record
TN:
SF:routes\staffs.js
FNF:0
FNH:0
DA:1,5
DA:2,5
DA:3,5
DA:4,5
DA:5,5
DA:6,5
DA:8,5
DA:9,5
DA:12,5
DA:14,5
DA:15,5
DA:17,5
LF:12
LH:12
BRF:0
BRH:0
end_of_record
TN:
SF:routes\transactionProducts.js
FNF:0
FNH:0
DA:1,5
DA:2,5
DA:3,5
DA:4,5
DA:6,5
DA:7,5
DA:8,5
DA:9,5
DA:12,5
LF:9
LH:9
BRF:0
BRH:0
end_of_record
TN:
SF:routes\xendit.js
FNF:0
FNH:0
DA:1,5
DA:2,5
DA:3,5
DA:5,5
DA:7,5
LF:5
LH:5
BRF:0
BRH:0
end_of_record
